{"/Users/user/Documents/workspace/vroom/client/store.js": {"path":"/Users/user/Documents/workspace/vroom/client/store.js","statementMap":{"0":{"start":{"line":5,"column":25},"end":{"line":5,"column":79}},"1":{"start":{"line":6,"column":14},"end":{"line":6,"column":77}}},"fnMap":{},"branchMap":{"0":{"loc":{"start":{"line":5,"column":25},"end":{"line":5,"column":79}},"type":"binary-expr","locations":[{"start":{"line":5,"column":25},"end":{"line":5,"column":68}},{"start":{"line":5,"column":72},"end":{"line":5,"column":79}}],"line":5}},"s":{"0":2,"1":2},"f":{},"b":{"0":[2,2]},"_coverageSchema":"1a1c01bbd47fc00a2c39e90264f33305004495a9","hash":"b62a05e08f715851579bffda35e86c36c96216a5"}
,"/Users/user/Documents/workspace/vroom/client/test-utils.js": {"path":"/Users/user/Documents/workspace/vroom/client/test-utils.js","statementMap":{"0":{"start":{"line":16,"column":2},"end":{"line":24,"column":3}},"1":{"start":{"line":36,"column":2},"end":{"line":47,"column":3}}},"fnMap":{"0":{"name":"renderWithRouter","decl":{"start":{"line":9,"column":16},"end":{"line":9,"column":32}},"loc":{"start":{"line":15,"column":2},"end":{"line":25,"column":1}},"line":15},"1":{"name":"renderWithRedux","decl":{"start":{"line":27,"column":16},"end":{"line":27,"column":31}},"loc":{"start":{"line":35,"column":2},"end":{"line":48,"column":1}},"line":35}},"branchMap":{"0":{"loc":{"start":{"line":11,"column":2},"end":{"line":14,"column":8}},"type":"default-arg","locations":[{"start":{"line":14,"column":6},"end":{"line":14,"column":8}}],"line":11},"1":{"loc":{"start":{"line":12,"column":4},"end":{"line":12,"column":26}},"type":"default-arg","locations":[{"start":{"line":12,"column":21},"end":{"line":12,"column":26}}],"line":12},"2":{"loc":{"start":{"line":13,"column":4},"end":{"line":13,"column":15}},"type":"default-arg","locations":[{"start":{"line":13,"column":12},"end":{"line":13,"column":15}}],"line":13},"3":{"loc":{"start":{"line":29,"column":2},"end":{"line":34,"column":8}},"type":"default-arg","locations":[{"start":{"line":34,"column":6},"end":{"line":34,"column":8}}],"line":29},"4":{"loc":{"start":{"line":30,"column":4},"end":{"line":30,"column":26}},"type":"default-arg","locations":[{"start":{"line":30,"column":21},"end":{"line":30,"column":26}}],"line":30},"5":{"loc":{"start":{"line":31,"column":4},"end":{"line":31,"column":15}},"type":"default-arg","locations":[{"start":{"line":31,"column":12},"end":{"line":31,"column":15}}],"line":31},"6":{"loc":{"start":{"line":33,"column":4},"end":{"line":33,"column":46}},"type":"default-arg","locations":[{"start":{"line":33,"column":12},"end":{"line":33,"column":46}}],"line":33}},"s":{"0":0,"1":5},"f":{"0":0,"1":5},"b":{"0":[0],"1":[0],"2":[0],"3":[5],"4":[5],"5":[5],"6":[5]},"_coverageSchema":"1a1c01bbd47fc00a2c39e90264f33305004495a9","hash":"7cd03423f8317c62e564d9bfd6bcdc77cc85733d"}
,"/Users/user/Documents/workspace/vroom/client/actions/error.js": {"path":"/Users/user/Documents/workspace/vroom/client/actions/error.js","statementMap":{"0":{"start":{"line":1,"column":26},"end":{"line":1,"column":38}},"1":{"start":{"line":2,"column":26},"end":{"line":2,"column":38}},"2":{"start":{"line":5,"column":2},"end":{"line":8,"column":3}},"3":{"start":{"line":12,"column":2},"end":{"line":14,"column":3}}},"fnMap":{"0":{"name":"showError","decl":{"start":{"line":4,"column":16},"end":{"line":4,"column":25}},"loc":{"start":{"line":4,"column":41},"end":{"line":9,"column":1}},"line":4},"1":{"name":"hideError","decl":{"start":{"line":11,"column":16},"end":{"line":11,"column":25}},"loc":{"start":{"line":11,"column":29},"end":{"line":15,"column":1}},"line":11}},"branchMap":{},"s":{"0":3,"1":3,"2":1,"3":1},"f":{"0":1,"1":1},"b":{},"_coverageSchema":"1a1c01bbd47fc00a2c39e90264f33305004495a9","hash":"fd1eb00ad3fbf7eba707952a13a94003305813f9"}
,"/Users/user/Documents/workspace/vroom/client/actions/rides.js": {"path":"/Users/user/Documents/workspace/vroom/client/actions/rides.js","statementMap":{"0":{"start":{"line":3,"column":25},"end":{"line":3,"column":36}},"1":{"start":{"line":6,"column":2},"end":{"line":9,"column":3}},"2":{"start":{"line":13,"column":2},"end":{"line":19,"column":3}},"3":{"start":{"line":14,"column":4},"end":{"line":18,"column":8}},"4":{"start":{"line":16,"column":8},"end":{"line":16,"column":33}},"5":{"start":{"line":17,"column":8},"end":{"line":17,"column":19}}},"fnMap":{"0":{"name":"setRides","decl":{"start":{"line":5,"column":16},"end":{"line":5,"column":24}},"loc":{"start":{"line":5,"column":33},"end":{"line":10,"column":1}},"line":5},"1":{"name":"fetchPostedRides","decl":{"start":{"line":12,"column":16},"end":{"line":12,"column":32}},"loc":{"start":{"line":12,"column":36},"end":{"line":20,"column":1}},"line":12},"2":{"name":"(anonymous_2)","decl":{"start":{"line":13,"column":9},"end":{"line":13,"column":10}},"loc":{"start":{"line":13,"column":21},"end":{"line":19,"column":3}},"line":13},"3":{"name":"(anonymous_3)","decl":{"start":{"line":15,"column":12},"end":{"line":15,"column":13}},"loc":{"start":{"line":15,"column":21},"end":{"line":18,"column":7}},"line":15}},"branchMap":{},"s":{"0":3,"1":0,"2":0,"3":0,"4":0,"5":0},"f":{"0":0,"1":0,"2":0,"3":0},"b":{},"_coverageSchema":"1a1c01bbd47fc00a2c39e90264f33305004495a9","hash":"ef5e808c61cc2d203e02d4600f05cc611906f88f"}
,"/Users/user/Documents/workspace/vroom/client/actions/user.js": {"path":"/Users/user/Documents/workspace/vroom/client/actions/user.js","statementMap":{"0":{"start":{"line":3,"column":24},"end":{"line":3,"column":34}},"1":{"start":{"line":4,"column":25},"end":{"line":4,"column":36}},"2":{"start":{"line":5,"column":26},"end":{"line":5,"column":38}},"3":{"start":{"line":6,"column":27},"end":{"line":6,"column":40}},"4":{"start":{"line":9,"column":2},"end":{"line":12,"column":3}},"5":{"start":{"line":16,"column":2},"end":{"line":19,"column":3}},"6":{"start":{"line":23,"column":2},"end":{"line":25,"column":3}},"7":{"start":{"line":29,"column":2},"end":{"line":31,"column":3}},"8":{"start":{"line":35,"column":2},"end":{"line":41,"column":3}},"9":{"start":{"line":36,"column":4},"end":{"line":40,"column":8}},"10":{"start":{"line":38,"column":8},"end":{"line":38,"column":33}},"11":{"start":{"line":39,"column":8},"end":{"line":39,"column":19}}},"fnMap":{"0":{"name":"setUser","decl":{"start":{"line":8,"column":16},"end":{"line":8,"column":23}},"loc":{"start":{"line":8,"column":31},"end":{"line":13,"column":1}},"line":8},"1":{"name":"setUsers","decl":{"start":{"line":15,"column":16},"end":{"line":15,"column":24}},"loc":{"start":{"line":15,"column":33},"end":{"line":20,"column":1}},"line":15},"2":{"name":"clearUser","decl":{"start":{"line":22,"column":16},"end":{"line":22,"column":25}},"loc":{"start":{"line":22,"column":29},"end":{"line":26,"column":1}},"line":22},"3":{"name":"clearUsers","decl":{"start":{"line":28,"column":16},"end":{"line":28,"column":26}},"loc":{"start":{"line":28,"column":30},"end":{"line":32,"column":1}},"line":28},"4":{"name":"fetchUsers","decl":{"start":{"line":34,"column":16},"end":{"line":34,"column":26}},"loc":{"start":{"line":34,"column":30},"end":{"line":42,"column":1}},"line":34},"5":{"name":"(anonymous_5)","decl":{"start":{"line":35,"column":9},"end":{"line":35,"column":10}},"loc":{"start":{"line":35,"column":21},"end":{"line":41,"column":3}},"line":35},"6":{"name":"(anonymous_6)","decl":{"start":{"line":37,"column":12},"end":{"line":37,"column":13}},"loc":{"start":{"line":37,"column":21},"end":{"line":40,"column":7}},"line":37}},"branchMap":{},"s":{"0":4,"1":4,"2":4,"3":4,"4":1,"5":0,"6":1,"7":0,"8":0,"9":0,"10":0,"11":0},"f":{"0":1,"1":0,"2":1,"3":0,"4":0,"5":0,"6":0},"b":{},"_coverageSchema":"1a1c01bbd47fc00a2c39e90264f33305004495a9","hash":"c3ebf131d31f18181146e3c3e7b730e23a7483dc"}
,"/Users/user/Documents/workspace/vroom/client/actions/waiting.js": {"path":"/Users/user/Documents/workspace/vroom/client/actions/waiting.js","statementMap":{"0":{"start":{"line":1,"column":27},"end":{"line":1,"column":40}},"1":{"start":{"line":2,"column":29},"end":{"line":2,"column":44}},"2":{"start":{"line":5,"column":2},"end":{"line":7,"column":3}},"3":{"start":{"line":11,"column":2},"end":{"line":13,"column":3}}},"fnMap":{"0":{"name":"setWaiting","decl":{"start":{"line":4,"column":16},"end":{"line":4,"column":26}},"loc":{"start":{"line":4,"column":30},"end":{"line":8,"column":1}},"line":4},"1":{"name":"clearWaiting","decl":{"start":{"line":10,"column":16},"end":{"line":10,"column":28}},"loc":{"start":{"line":10,"column":32},"end":{"line":14,"column":1}},"line":10}},"branchMap":{},"s":{"0":2,"1":2,"2":1,"3":1},"f":{"0":1,"1":1},"b":{},"_coverageSchema":"1a1c01bbd47fc00a2c39e90264f33305004495a9","hash":"f4c5e1beb958f59962ac7a689c01fe82fd975554"}
,"/Users/user/Documents/workspace/vroom/client/apis/cars.js": {"path":"/Users/user/Documents/workspace/vroom/client/apis/cars.js","statementMap":{"0":{"start":{"line":3,"column":16},"end":{"line":3,"column":25}},"1":{"start":{"line":6,"column":2},"end":{"line":9,"column":6}},"2":{"start":{"line":8,"column":6},"end":{"line":8,"column":21}},"3":{"start":{"line":13,"column":22},"end":{"line":13,"column":61}},"4":{"start":{"line":14,"column":2},"end":{"line":15,"column":22}}},"fnMap":{"0":{"name":"getCar","decl":{"start":{"line":5,"column":16},"end":{"line":5,"column":22}},"loc":{"start":{"line":5,"column":28},"end":{"line":10,"column":1}},"line":5},"1":{"name":"(anonymous_1)","decl":{"start":{"line":7,"column":10},"end":{"line":7,"column":11}},"loc":{"start":{"line":7,"column":17},"end":{"line":9,"column":5}},"line":7},"2":{"name":"addCar","decl":{"start":{"line":12,"column":22},"end":{"line":12,"column":28}},"loc":{"start":{"line":12,"column":41},"end":{"line":16,"column":1}},"line":12}},"branchMap":{},"s":{"0":1,"1":0,"2":0,"3":0,"4":0},"f":{"0":0,"1":0,"2":0},"b":{},"_coverageSchema":"1a1c01bbd47fc00a2c39e90264f33305004495a9","hash":"518286747bc89a570482664d3a572e5d2dd25fe0"}
,"/Users/user/Documents/workspace/vroom/client/apis/profiles.js": {"path":"/Users/user/Documents/workspace/vroom/client/apis/profiles.js","statementMap":{"0":{"start":{"line":2,"column":16},"end":{"line":2,"column":25}},"1":{"start":{"line":5,"column":2},"end":{"line":8,"column":6}},"2":{"start":{"line":7,"column":6},"end":{"line":7,"column":27}}},"fnMap":{"0":{"name":"getPostedRides","decl":{"start":{"line":4,"column":16},"end":{"line":4,"column":30}},"loc":{"start":{"line":4,"column":34},"end":{"line":9,"column":1}},"line":4},"1":{"name":"(anonymous_1)","decl":{"start":{"line":6,"column":10},"end":{"line":6,"column":11}},"loc":{"start":{"line":6,"column":17},"end":{"line":8,"column":5}},"line":6}},"branchMap":{},"s":{"0":3,"1":0,"2":0},"f":{"0":0,"1":0},"b":{},"_coverageSchema":"1a1c01bbd47fc00a2c39e90264f33305004495a9","hash":"603a624e38a8cc12ad963db1fa30f9f811618754"}
,"/Users/user/Documents/workspace/vroom/client/apis/rides.js": {"path":"/Users/user/Documents/workspace/vroom/client/apis/rides.js","statementMap":{"0":{"start":{"line":3,"column":16},"end":{"line":3,"column":25}},"1":{"start":{"line":6,"column":2},"end":{"line":9,"column":6}},"2":{"start":{"line":8,"column":6},"end":{"line":8,"column":21}},"3":{"start":{"line":13,"column":19},"end":{"line":13,"column":48}},"4":{"start":{"line":14,"column":2},"end":{"line":15,"column":19}},"5":{"start":{"line":24,"column":6},"end":{"line":24,"column":12}},"6":{"start":{"line":26,"column":28},"end":{"line":26,"column":134}},"7":{"start":{"line":27,"column":2},"end":{"line":30,"column":6}},"8":{"start":{"line":29,"column":6},"end":{"line":29,"column":27}}},"fnMap":{"0":{"name":"getRides","decl":{"start":{"line":5,"column":22},"end":{"line":5,"column":30}},"loc":{"start":{"line":5,"column":34},"end":{"line":10,"column":1}},"line":5},"1":{"name":"(anonymous_1)","decl":{"start":{"line":7,"column":10},"end":{"line":7,"column":11}},"loc":{"start":{"line":7,"column":17},"end":{"line":9,"column":5}},"line":7},"2":{"name":"addRides","decl":{"start":{"line":12,"column":22},"end":{"line":12,"column":30}},"loc":{"start":{"line":12,"column":44},"end":{"line":16,"column":1}},"line":12},"3":{"name":"searchRides","decl":{"start":{"line":18,"column":16},"end":{"line":18,"column":27}},"loc":{"start":{"line":18,"column":37},"end":{"line":31,"column":1}},"line":18},"4":{"name":"(anonymous_4)","decl":{"start":{"line":28,"column":10},"end":{"line":28,"column":11}},"loc":{"start":{"line":28,"column":17},"end":{"line":30,"column":5}},"line":28}},"branchMap":{},"s":{"0":1,"1":0,"2":0,"3":0,"4":0,"5":0,"6":0,"7":0,"8":0},"f":{"0":0,"1":0,"2":0,"3":0,"4":0},"b":{},"_coverageSchema":"1a1c01bbd47fc00a2c39e90264f33305004495a9","hash":"8734aa5ab2c62e1fdb8b98ad04f22fc274bbcfab"}
,"/Users/user/Documents/workspace/vroom/client/apis/users.js": {"path":"/Users/user/Documents/workspace/vroom/client/apis/users.js","statementMap":{"0":{"start":{"line":3,"column":16},"end":{"line":3,"column":25}},"1":{"start":{"line":6,"column":2},"end":{"line":9,"column":6}},"2":{"start":{"line":8,"column":6},"end":{"line":8,"column":27}},"3":{"start":{"line":13,"column":2},"end":{"line":16,"column":6}},"4":{"start":{"line":15,"column":6},"end":{"line":15,"column":26}},"5":{"start":{"line":20,"column":2},"end":{"line":21,"column":15}}},"fnMap":{"0":{"name":"getUsers","decl":{"start":{"line":5,"column":16},"end":{"line":5,"column":24}},"loc":{"start":{"line":5,"column":30},"end":{"line":10,"column":1}},"line":5},"1":{"name":"(anonymous_1)","decl":{"start":{"line":7,"column":10},"end":{"line":7,"column":11}},"loc":{"start":{"line":7,"column":17},"end":{"line":9,"column":5}},"line":7},"2":{"name":"getUser","decl":{"start":{"line":12,"column":16},"end":{"line":12,"column":23}},"loc":{"start":{"line":12,"column":29},"end":{"line":17,"column":1}},"line":12},"3":{"name":"(anonymous_3)","decl":{"start":{"line":14,"column":10},"end":{"line":14,"column":11}},"loc":{"start":{"line":14,"column":17},"end":{"line":16,"column":5}},"line":14},"4":{"name":"addUser","decl":{"start":{"line":19,"column":22},"end":{"line":19,"column":29}},"loc":{"start":{"line":19,"column":37},"end":{"line":22,"column":1}},"line":19}},"branchMap":{},"s":{"0":4,"1":0,"2":0,"3":0,"4":0,"5":0},"f":{"0":0,"1":0,"2":0,"3":0,"4":0},"b":{},"_coverageSchema":"1a1c01bbd47fc00a2c39e90264f33305004495a9","hash":"84d6b7947383c2dd4cfd105a1db92285488d9b05"}
,"/Users/user/Documents/workspace/vroom/client/components/Drivers/CarReg.jsx": {"path":"/Users/user/Documents/workspace/vroom/client/components/Drivers/CarReg.jsx","statementMap":{"0":{"start":{"line":10,"column":18},"end":{"line":25,"column":2}},"1":{"start":{"line":28,"column":18},"end":{"line":28,"column":30}},"2":{"start":{"line":30,"column":17},"end":{"line":50,"column":4}},"3":{"start":{"line":42,"column":6},"end":{"line":47,"column":7}},"4":{"start":{"line":43,"column":8},"end":{"line":43,"column":34}},"5":{"start":{"line":44,"column":8},"end":{"line":44,"column":32}},"6":{"start":{"line":46,"column":8},"end":{"line":46,"column":28}},"7":{"start":{"line":53,"column":4},"end":{"line":55,"column":13}},"8":{"start":{"line":58,"column":2},"end":{"line":173,"column":3}},"9":{"start":{"line":177,"column":2},"end":{"line":179,"column":3}}},"fnMap":{"0":{"name":"RegisterCar","decl":{"start":{"line":27,"column":9},"end":{"line":27,"column":20}},"loc":{"start":{"line":27,"column":32},"end":{"line":174,"column":1}},"line":27},"1":{"name":"(anonymous_1)","decl":{"start":{"line":41,"column":14},"end":{"line":41,"column":15}},"loc":{"start":{"line":41,"column":30},"end":{"line":48,"column":5}},"line":41},"2":{"name":"showAnyErrors","decl":{"start":{"line":52,"column":11},"end":{"line":52,"column":24}},"loc":{"start":{"line":52,"column":37},"end":{"line":56,"column":3}},"line":52},"3":{"name":"mapStateToProps","decl":{"start":{"line":176,"column":9},"end":{"line":176,"column":24}},"loc":{"start":{"line":176,"column":33},"end":{"line":180,"column":1}},"line":176}},"branchMap":{"0":{"loc":{"start":{"line":53,"column":11},"end":{"line":55,"column":13}},"type":"cond-expr","locations":[{"start":{"line":54,"column":8},"end":{"line":54,"column":32}},{"start":{"line":55,"column":8},"end":{"line":55,"column":13}}],"line":53},"1":{"loc":{"start":{"line":53,"column":11},"end":{"line":53,"column":64}},"type":"binary-expr","locations":[{"start":{"line":53,"column":11},"end":{"line":53,"column":35}},{"start":{"line":53,"column":39},"end":{"line":53,"column":64}}],"line":53},"2":{"loc":{"start":{"line":75,"column":27},"end":{"line":75,"column":81}},"type":"cond-expr","locations":[{"start":{"line":75,"column":51},"end":{"line":75,"column":72}},{"start":{"line":75,"column":75},"end":{"line":75,"column":81}}],"line":75},"3":{"loc":{"start":{"line":78,"column":27},"end":{"line":78,"column":77}},"type":"binary-expr","locations":[{"start":{"line":78,"column":27},"end":{"line":78,"column":46}},{"start":{"line":78,"column":50},"end":{"line":78,"column":77}}],"line":78},"4":{"loc":{"start":{"line":90,"column":27},"end":{"line":90,"column":84}},"type":"cond-expr","locations":[{"start":{"line":90,"column":52},"end":{"line":90,"column":74}},{"start":{"line":90,"column":77},"end":{"line":90,"column":84}}],"line":90},"5":{"loc":{"start":{"line":92,"column":27},"end":{"line":92,"column":79}},"type":"binary-expr","locations":[{"start":{"line":92,"column":27},"end":{"line":92,"column":47}},{"start":{"line":92,"column":51},"end":{"line":92,"column":79}}],"line":92},"6":{"loc":{"start":{"line":104,"column":27},"end":{"line":104,"column":81}},"type":"cond-expr","locations":[{"start":{"line":104,"column":51},"end":{"line":104,"column":72}},{"start":{"line":104,"column":75},"end":{"line":104,"column":81}}],"line":104},"7":{"loc":{"start":{"line":107,"column":27},"end":{"line":107,"column":77}},"type":"binary-expr","locations":[{"start":{"line":107,"column":27},"end":{"line":107,"column":46}},{"start":{"line":107,"column":50},"end":{"line":107,"column":77}}],"line":107},"8":{"loc":{"start":{"line":117,"column":27},"end":{"line":117,"column":87}},"type":"cond-expr","locations":[{"start":{"line":117,"column":53},"end":{"line":117,"column":76}},{"start":{"line":117,"column":79},"end":{"line":117,"column":87}}],"line":117},"9":{"loc":{"start":{"line":120,"column":27},"end":{"line":120,"column":81}},"type":"binary-expr","locations":[{"start":{"line":120,"column":27},"end":{"line":120,"column":48}},{"start":{"line":120,"column":52},"end":{"line":120,"column":81}}],"line":120},"10":{"loc":{"start":{"line":130,"column":27},"end":{"line":130,"column":106}},"type":"cond-expr","locations":[{"start":{"line":130,"column":59},"end":{"line":130,"column":88}},{"start":{"line":130,"column":91},"end":{"line":130,"column":106}}],"line":130},"11":{"loc":{"start":{"line":133,"column":27},"end":{"line":133,"column":93}},"type":"binary-expr","locations":[{"start":{"line":133,"column":27},"end":{"line":133,"column":54}},{"start":{"line":133,"column":58},"end":{"line":133,"column":93}}],"line":133},"12":{"loc":{"start":{"line":145,"column":27},"end":{"line":145,"column":105}},"type":"cond-expr","locations":[{"start":{"line":145,"column":59},"end":{"line":145,"column":88}},{"start":{"line":145,"column":91},"end":{"line":145,"column":105}}],"line":145},"13":{"loc":{"start":{"line":148,"column":27},"end":{"line":148,"column":93}},"type":"binary-expr","locations":[{"start":{"line":148,"column":27},"end":{"line":148,"column":54}},{"start":{"line":148,"column":58},"end":{"line":148,"column":93}}],"line":148},"14":{"loc":{"start":{"line":158,"column":27},"end":{"line":158,"column":80}},"type":"cond-expr","locations":[{"start":{"line":158,"column":50},"end":{"line":158,"column":70}},{"start":{"line":158,"column":73},"end":{"line":158,"column":80}}],"line":158},"15":{"loc":{"start":{"line":161,"column":27},"end":{"line":161,"column":75}},"type":"binary-expr","locations":[{"start":{"line":161,"column":27},"end":{"line":161,"column":45}},{"start":{"line":161,"column":49},"end":{"line":161,"column":75}}],"line":161}},"s":{"0":1,"1":121,"2":121,"3":1,"4":1,"5":1,"6":0,"7":1073,"8":121,"9":2},"f":{"0":121,"1":1,"2":1073,"3":2},"b":{"0":[452,621],"1":[1073,452],"2":[2,119],"3":[121,82],"4":[14,107],"5":[121,82],"6":[24,97],"7":[121,82],"8":[32,89],"9":[121,82],"10":[40,81],"11":[121,82],"12":[52,69],"13":[121,82],"14":[62,59],"15":[121,82]},"_coverageSchema":"1a1c01bbd47fc00a2c39e90264f33305004495a9","hash":"dee37e099bda032acf16e9f621493c5aed182d0d"}
,"/Users/user/Documents/workspace/vroom/client/components/Drivers/PostRide.jsx": {"path":"/Users/user/Documents/workspace/vroom/client/components/Drivers/PostRide.jsx","statementMap":{"0":{"start":{"line":16,"column":19},"end":{"line":31,"column":2}},"1":{"start":{"line":34,"column":18},"end":{"line":34,"column":30}},"2":{"start":{"line":36,"column":17},"end":{"line":57,"column":4}},"3":{"start":{"line":47,"column":6},"end":{"line":54,"column":7}},"4":{"start":{"line":48,"column":8},"end":{"line":48,"column":36}},"5":{"start":{"line":49,"column":8},"end":{"line":49,"column":56}},"6":{"start":{"line":50,"column":8},"end":{"line":50,"column":20}},"7":{"start":{"line":51,"column":8},"end":{"line":51,"column":25}},"8":{"start":{"line":53,"column":8},"end":{"line":53,"column":28}},"9":{"start":{"line":60,"column":4},"end":{"line":60,"column":54}},"10":{"start":{"line":64,"column":4},"end":{"line":66,"column":13}},"11":{"start":{"line":68,"column":25},"end":{"line":93,"column":3}},"12":{"start":{"line":95,"column":2},"end":{"line":234,"column":3}},"13":{"start":{"line":203,"column":22},"end":{"line":205,"column":33}},"14":{"start":{"line":238,"column":2},"end":{"line":240,"column":3}}},"fnMap":{"0":{"name":"Ride","decl":{"start":{"line":33,"column":9},"end":{"line":33,"column":13}},"loc":{"start":{"line":33,"column":25},"end":{"line":235,"column":1}},"line":33},"1":{"name":"(anonymous_1)","decl":{"start":{"line":46,"column":14},"end":{"line":46,"column":15}},"loc":{"start":{"line":46,"column":30},"end":{"line":55,"column":5}},"line":46},"2":{"name":"ridePosted","decl":{"start":{"line":59,"column":11},"end":{"line":59,"column":21}},"loc":{"start":{"line":59,"column":25},"end":{"line":61,"column":3}},"line":59},"3":{"name":"showAnyErrors","decl":{"start":{"line":63,"column":11},"end":{"line":63,"column":24}},"loc":{"start":{"line":63,"column":37},"end":{"line":67,"column":3}},"line":63},"4":{"name":"(anonymous_4)","decl":{"start":{"line":202,"column":40},"end":{"line":202,"column":41}},"loc":{"start":{"line":203,"column":22},"end":{"line":205,"column":33}},"line":203},"5":{"name":"mapStateToProps","decl":{"start":{"line":237,"column":9},"end":{"line":237,"column":24}},"loc":{"start":{"line":237,"column":33},"end":{"line":241,"column":1}},"line":237}},"branchMap":{"0":{"loc":{"start":{"line":64,"column":11},"end":{"line":66,"column":13}},"type":"cond-expr","locations":[{"start":{"line":65,"column":8},"end":{"line":65,"column":32}},{"start":{"line":66,"column":8},"end":{"line":66,"column":13}}],"line":64},"1":{"loc":{"start":{"line":64,"column":11},"end":{"line":64,"column":64}},"type":"binary-expr","locations":[{"start":{"line":64,"column":11},"end":{"line":64,"column":35}},{"start":{"line":64,"column":39},"end":{"line":64,"column":64}}],"line":64},"2":{"loc":{"start":{"line":112,"column":27},"end":{"line":112,"column":110}},"type":"cond-expr","locations":[{"start":{"line":112,"column":60},"end":{"line":112,"column":90}},{"start":{"line":112,"column":93},"end":{"line":112,"column":110}}],"line":112},"3":{"loc":{"start":{"line":115,"column":27},"end":{"line":115,"column":95}},"type":"binary-expr","locations":[{"start":{"line":115,"column":27},"end":{"line":115,"column":55}},{"start":{"line":115,"column":59},"end":{"line":115,"column":95}}],"line":115},"4":{"loc":{"start":{"line":125,"column":27},"end":{"line":125,"column":105}},"type":"cond-expr","locations":[{"start":{"line":125,"column":58},"end":{"line":125,"column":86}},{"start":{"line":125,"column":89},"end":{"line":125,"column":105}}],"line":125},"5":{"loc":{"start":{"line":128,"column":27},"end":{"line":128,"column":91}},"type":"binary-expr","locations":[{"start":{"line":128,"column":27},"end":{"line":128,"column":53}},{"start":{"line":128,"column":57},"end":{"line":128,"column":91}}],"line":128},"6":{"loc":{"start":{"line":142,"column":27},"end":{"line":142,"column":91}},"type":"cond-expr","locations":[{"start":{"line":142,"column":58},"end":{"line":142,"column":86}},{"start":{"line":142,"column":89},"end":{"line":142,"column":91}}],"line":142},"7":{"loc":{"start":{"line":144,"column":27},"end":{"line":144,"column":91}},"type":"binary-expr","locations":[{"start":{"line":144,"column":27},"end":{"line":144,"column":53}},{"start":{"line":144,"column":57},"end":{"line":144,"column":91}}],"line":144},"8":{"loc":{"start":{"line":155,"column":27},"end":{"line":155,"column":91}},"type":"cond-expr","locations":[{"start":{"line":155,"column":58},"end":{"line":155,"column":86}},{"start":{"line":155,"column":89},"end":{"line":155,"column":91}}],"line":155},"9":{"loc":{"start":{"line":158,"column":27},"end":{"line":158,"column":91}},"type":"binary-expr","locations":[{"start":{"line":158,"column":27},"end":{"line":158,"column":53}},{"start":{"line":158,"column":57},"end":{"line":158,"column":91}}],"line":158},"10":{"loc":{"start":{"line":170,"column":27},"end":{"line":170,"column":85}},"type":"cond-expr","locations":[{"start":{"line":170,"column":51},"end":{"line":170,"column":72}},{"start":{"line":170,"column":75},"end":{"line":170,"column":85}}],"line":170},"11":{"loc":{"start":{"line":173,"column":27},"end":{"line":173,"column":77}},"type":"binary-expr","locations":[{"start":{"line":173,"column":27},"end":{"line":173,"column":46}},{"start":{"line":173,"column":50},"end":{"line":173,"column":77}}],"line":173},"12":{"loc":{"start":{"line":185,"column":27},"end":{"line":185,"column":77}},"type":"cond-expr","locations":[{"start":{"line":185,"column":51},"end":{"line":185,"column":72}},{"start":{"line":185,"column":75},"end":{"line":185,"column":77}}],"line":185},"13":{"loc":{"start":{"line":187,"column":27},"end":{"line":187,"column":77}},"type":"binary-expr","locations":[{"start":{"line":187,"column":27},"end":{"line":187,"column":46}},{"start":{"line":187,"column":50},"end":{"line":187,"column":77}}],"line":187},"14":{"loc":{"start":{"line":197,"column":27},"end":{"line":197,"column":107}},"type":"cond-expr","locations":[{"start":{"line":197,"column":61},"end":{"line":197,"column":92}},{"start":{"line":197,"column":95},"end":{"line":197,"column":107}}],"line":197},"15":{"loc":{"start":{"line":200,"column":27},"end":{"line":200,"column":97}},"type":"binary-expr","locations":[{"start":{"line":200,"column":27},"end":{"line":200,"column":56}},{"start":{"line":200,"column":60},"end":{"line":200,"column":97}}],"line":200}},"s":{"0":1,"1":5,"2":5,"3":0,"4":0,"5":0,"6":0,"7":0,"8":0,"9":0,"10":49,"11":5,"12":5,"13":30,"14":1},"f":{"0":5,"1":0,"2":0,"3":49,"4":30,"5":1},"b":{"0":[28,21],"1":[49,28],"2":[2,3],"3":[5,4],"4":[2,3],"5":[5,4],"6":[2,3],"7":[5,4],"8":[2,3],"9":[5,4],"10":[2,3],"11":[5,4],"12":[2,3],"13":[5,4],"14":[2,3],"15":[5,4]},"_coverageSchema":"1a1c01bbd47fc00a2c39e90264f33305004495a9","hash":"17a7875df0c6406778260d1dd3923c909ca77585"}
,"/Users/user/Documents/workspace/vroom/client/components/Registration/Registration.jsx": {"path":"/Users/user/Documents/workspace/vroom/client/components/Registration/Registration.jsx","statementMap":{"0":{"start":{"line":11,"column":23},"end":{"line":25,"column":2}},"1":{"start":{"line":28,"column":18},"end":{"line":28,"column":30}},"2":{"start":{"line":30,"column":17},"end":{"line":53,"column":4}},"3":{"start":{"line":38,"column":51},"end":{"line":38,"column":57}},"4":{"start":{"line":39,"column":22},"end":{"line":39,"column":38}},"5":{"start":{"line":40,"column":6},"end":{"line":50,"column":7}},"6":{"start":{"line":41,"column":8},"end":{"line":41,"column":60}},"7":{"start":{"line":43,"column":8},"end":{"line":49,"column":9}},"8":{"start":{"line":44,"column":10},"end":{"line":44,"column":32}},"9":{"start":{"line":45,"column":10},"end":{"line":45,"column":99}},"10":{"start":{"line":46,"column":10},"end":{"line":46,"column":27}},"11":{"start":{"line":48,"column":10},"end":{"line":48,"column":30}},"12":{"start":{"line":56,"column":4},"end":{"line":58,"column":13}},"13":{"start":{"line":61,"column":2},"end":{"line":132,"column":3}},"14":{"start":{"line":136,"column":2},"end":{"line":138,"column":3}}},"fnMap":{"0":{"name":"Register","decl":{"start":{"line":27,"column":9},"end":{"line":27,"column":17}},"loc":{"start":{"line":27,"column":29},"end":{"line":133,"column":1}},"line":27},"1":{"name":"(anonymous_1)","decl":{"start":{"line":37,"column":14},"end":{"line":37,"column":15}},"loc":{"start":{"line":37,"column":30},"end":{"line":51,"column":5}},"line":37},"2":{"name":"showAnyErrors","decl":{"start":{"line":55,"column":11},"end":{"line":55,"column":24}},"loc":{"start":{"line":55,"column":37},"end":{"line":59,"column":3}},"line":55},"3":{"name":"mapStateToProps","decl":{"start":{"line":135,"column":9},"end":{"line":135,"column":24}},"loc":{"start":{"line":135,"column":33},"end":{"line":139,"column":1}},"line":135}},"branchMap":{"0":{"loc":{"start":{"line":40,"column":6},"end":{"line":50,"column":7}},"type":"if","locations":[{"start":{"line":40,"column":6},"end":{"line":50,"column":7}},{"start":{"line":40,"column":6},"end":{"line":50,"column":7}}],"line":40},"1":{"loc":{"start":{"line":56,"column":11},"end":{"line":58,"column":13}},"type":"cond-expr","locations":[{"start":{"line":57,"column":8},"end":{"line":57,"column":32}},{"start":{"line":58,"column":8},"end":{"line":58,"column":13}}],"line":56},"2":{"loc":{"start":{"line":56,"column":11},"end":{"line":56,"column":64}},"type":"binary-expr","locations":[{"start":{"line":56,"column":11},"end":{"line":56,"column":35}},{"start":{"line":56,"column":39},"end":{"line":56,"column":64}}],"line":56},"3":{"loc":{"start":{"line":75,"column":27},"end":{"line":75,"column":97}},"type":"cond-expr","locations":[{"start":{"line":75,"column":56},"end":{"line":75,"column":82}},{"start":{"line":75,"column":85},"end":{"line":75,"column":97}}],"line":75},"4":{"loc":{"start":{"line":78,"column":27},"end":{"line":78,"column":87}},"type":"binary-expr","locations":[{"start":{"line":78,"column":27},"end":{"line":78,"column":51}},{"start":{"line":78,"column":55},"end":{"line":78,"column":87}}],"line":78},"5":{"loc":{"start":{"line":88,"column":27},"end":{"line":88,"column":94}},"type":"cond-expr","locations":[{"start":{"line":88,"column":55},"end":{"line":88,"column":80}},{"start":{"line":88,"column":83},"end":{"line":88,"column":94}}],"line":88},"6":{"loc":{"start":{"line":91,"column":27},"end":{"line":91,"column":85}},"type":"binary-expr","locations":[{"start":{"line":91,"column":27},"end":{"line":91,"column":50}},{"start":{"line":91,"column":54},"end":{"line":91,"column":85}}],"line":91},"7":{"loc":{"start":{"line":105,"column":27},"end":{"line":105,"column":78}},"type":"cond-expr","locations":[{"start":{"line":105,"column":50},"end":{"line":105,"column":70}},{"start":{"line":105,"column":73},"end":{"line":105,"column":78}}],"line":105},"8":{"loc":{"start":{"line":107,"column":27},"end":{"line":107,"column":75}},"type":"binary-expr","locations":[{"start":{"line":107,"column":27},"end":{"line":107,"column":45}},{"start":{"line":107,"column":49},"end":{"line":107,"column":75}}],"line":107},"9":{"loc":{"start":{"line":117,"column":27},"end":{"line":117,"column":103}},"type":"cond-expr","locations":[{"start":{"line":117,"column":58},"end":{"line":117,"column":86}},{"start":{"line":117,"column":89},"end":{"line":117,"column":103}}],"line":117},"10":{"loc":{"start":{"line":120,"column":27},"end":{"line":120,"column":91}},"type":"binary-expr","locations":[{"start":{"line":120,"column":27},"end":{"line":120,"column":53}},{"start":{"line":120,"column":57},"end":{"line":120,"column":91}}],"line":120}},"s":{"0":1,"1":70,"2":70,"3":1,"4":1,"5":1,"6":0,"7":1,"8":1,"9":1,"10":1,"11":0,"12":362,"13":70,"14":2},"f":{"0":70,"1":1,"2":362,"3":2},"b":{"0":[0,1],"1":[164,198],"2":[362,164],"3":[4,66],"4":[70,48],"5":[12,58],"6":[70,48],"7":[38,32],"8":[70,48],"9":[28,42],"10":[70,48]},"_coverageSchema":"1a1c01bbd47fc00a2c39e90264f33305004495a9","hash":"242f6ee79d87aebf258cc388b844084a323d520e"}
,"/Users/user/Documents/workspace/vroom/client/reducers/error.js": {"path":"/Users/user/Documents/workspace/vroom/client/reducers/error.js","statementMap":{"0":{"start":{"line":4,"column":2},"end":{"line":13,"column":3}},"1":{"start":{"line":6,"column":6},"end":{"line":6,"column":32}},"2":{"start":{"line":9,"column":6},"end":{"line":9,"column":17}},"3":{"start":{"line":12,"column":6},"end":{"line":12,"column":18}}},"fnMap":{"0":{"name":"error","decl":{"start":{"line":3,"column":24},"end":{"line":3,"column":29}},"loc":{"start":{"line":3,"column":53},"end":{"line":14,"column":1}},"line":3}},"branchMap":{"0":{"loc":{"start":{"line":3,"column":31},"end":{"line":3,"column":43}},"type":"default-arg","locations":[{"start":{"line":3,"column":39},"end":{"line":3,"column":43}}],"line":3},"1":{"loc":{"start":{"line":4,"column":2},"end":{"line":13,"column":3}},"type":"switch","locations":[{"start":{"line":5,"column":4},"end":{"line":6,"column":32}},{"start":{"line":8,"column":4},"end":{"line":9,"column":17}},{"start":{"line":11,"column":4},"end":{"line":12,"column":18}}],"line":4}},"s":{"0":3,"1":1,"2":1,"3":1},"f":{"0":3},"b":{"0":[0],"1":[1,1,1]},"_coverageSchema":"1a1c01bbd47fc00a2c39e90264f33305004495a9","hash":"0094cc8cb5d16a225c37eae13d96f7a13a6f7da7"}
,"/Users/user/Documents/workspace/vroom/client/reducers/index.js": {"path":"/Users/user/Documents/workspace/vroom/client/reducers/index.js","statementMap":{},"fnMap":{},"branchMap":{},"s":{},"f":{},"b":{},"_coverageSchema":"1a1c01bbd47fc00a2c39e90264f33305004495a9","hash":"a1bf3ff52ee1b3e1e537cacbecda795f7e0b5218"}
,"/Users/user/Documents/workspace/vroom/client/reducers/rides.js": {"path":"/Users/user/Documents/workspace/vroom/client/reducers/rides.js","statementMap":{"0":{"start":{"line":3,"column":16},"end":{"line":12,"column":1}},"1":{"start":{"line":15,"column":2},"end":{"line":20,"column":3}},"2":{"start":{"line":17,"column":6},"end":{"line":17,"column":25}},"3":{"start":{"line":19,"column":6},"end":{"line":19,"column":18}},"4":{"start":{"line":24,"column":2},"end":{"line":29,"column":3}},"5":{"start":{"line":26,"column":6},"end":{"line":26,"column":24}},"6":{"start":{"line":28,"column":6},"end":{"line":28,"column":18}}},"fnMap":{"0":{"name":"postedRides","decl":{"start":{"line":14,"column":16},"end":{"line":14,"column":27}},"loc":{"start":{"line":14,"column":49},"end":{"line":21,"column":1}},"line":14},"1":{"name":"reduce","decl":{"start":{"line":23,"column":9},"end":{"line":23,"column":15}},"loc":{"start":{"line":23,"column":42},"end":{"line":30,"column":1}},"line":23}},"branchMap":{"0":{"loc":{"start":{"line":14,"column":29},"end":{"line":14,"column":39}},"type":"default-arg","locations":[{"start":{"line":14,"column":37},"end":{"line":14,"column":39}}],"line":14},"1":{"loc":{"start":{"line":15,"column":2},"end":{"line":20,"column":3}},"type":"switch","locations":[{"start":{"line":16,"column":4},"end":{"line":17,"column":25}},{"start":{"line":18,"column":4},"end":{"line":19,"column":18}}],"line":15},"2":{"loc":{"start":{"line":23,"column":17},"end":{"line":23,"column":32}},"type":"default-arg","locations":[{"start":{"line":23,"column":25},"end":{"line":23,"column":32}}],"line":23},"3":{"loc":{"start":{"line":24,"column":2},"end":{"line":29,"column":3}},"type":"switch","locations":[{"start":{"line":25,"column":4},"end":{"line":26,"column":24}},{"start":{"line":27,"column":4},"end":{"line":28,"column":18}}],"line":24}},"s":{"0":3,"1":0,"2":0,"3":0,"4":14,"5":0,"6":14},"f":{"0":0,"1":14},"b":{"0":[0],"1":[0,0],"2":[13],"3":[0,14]},"_coverageSchema":"1a1c01bbd47fc00a2c39e90264f33305004495a9","hash":"83b502ded79b8d9259a66fb97c1506f346225c02"}
,"/Users/user/Documents/workspace/vroom/client/reducers/search.js": {"path":"/Users/user/Documents/workspace/vroom/client/reducers/search.js","statementMap":{"0":{"start":{"line":1,"column":22},"end":{"line":6,"column":1}},"1":{"start":{"line":9,"column":2},"end":{"line":14,"column":3}},"2":{"start":{"line":11,"column":6},"end":{"line":11,"column":26}},"3":{"start":{"line":13,"column":6},"end":{"line":13,"column":18}}},"fnMap":{"0":{"name":"reduceSearch","decl":{"start":{"line":8,"column":9},"end":{"line":8,"column":21}},"loc":{"start":{"line":8,"column":54},"end":{"line":15,"column":1}},"line":8}},"branchMap":{"0":{"loc":{"start":{"line":8,"column":23},"end":{"line":8,"column":44}},"type":"default-arg","locations":[{"start":{"line":8,"column":31},"end":{"line":8,"column":44}}],"line":8},"1":{"loc":{"start":{"line":9,"column":2},"end":{"line":14,"column":3}},"type":"switch","locations":[{"start":{"line":10,"column":4},"end":{"line":11,"column":26}},{"start":{"line":12,"column":4},"end":{"line":13,"column":18}}],"line":9}},"s":{"0":3,"1":14,"2":0,"3":14},"f":{"0":14},"b":{"0":[13],"1":[0,14]},"_coverageSchema":"1a1c01bbd47fc00a2c39e90264f33305004495a9","hash":"cd2a2039a00874bf353d0c60019ea676322ccf47"}
,"/Users/user/Documents/workspace/vroom/client/reducers/user.js": {"path":"/Users/user/Documents/workspace/vroom/client/reducers/user.js","statementMap":{"0":{"start":{"line":3,"column":18},"end":{"line":17,"column":1}},"1":{"start":{"line":20,"column":2},"end":{"line":29,"column":3}},"2":{"start":{"line":22,"column":6},"end":{"line":22,"column":24}},"3":{"start":{"line":25,"column":6},"end":{"line":25,"column":22}},"4":{"start":{"line":28,"column":6},"end":{"line":28,"column":18}}},"fnMap":{"0":{"name":"user","decl":{"start":{"line":19,"column":24},"end":{"line":19,"column":28}},"loc":{"start":{"line":19,"column":57},"end":{"line":30,"column":1}},"line":19}},"branchMap":{"0":{"loc":{"start":{"line":19,"column":30},"end":{"line":19,"column":47}},"type":"default-arg","locations":[{"start":{"line":19,"column":38},"end":{"line":19,"column":47}}],"line":19},"1":{"loc":{"start":{"line":20,"column":2},"end":{"line":29,"column":3}},"type":"switch","locations":[{"start":{"line":21,"column":4},"end":{"line":22,"column":24}},{"start":{"line":24,"column":4},"end":{"line":25,"column":22}},{"start":{"line":27,"column":4},"end":{"line":28,"column":18}}],"line":20}},"s":{"0":3,"1":14,"2":1,"3":0,"4":13},"f":{"0":14},"b":{"0":[13],"1":[1,0,13]},"_coverageSchema":"1a1c01bbd47fc00a2c39e90264f33305004495a9","hash":"2c364d9c557e9429397053c89c3304a3af2da5ef"}
,"/Users/user/Documents/workspace/vroom/client/reducers/users.js": {"path":"/Users/user/Documents/workspace/vroom/client/reducers/users.js","statementMap":{"0":{"start":{"line":3,"column":21},"end":{"line":3,"column":23}},"1":{"start":{"line":5,"column":16},"end":{"line":14,"column":1}},"2":{"start":{"line":6,"column":2},"end":{"line":13,"column":3}},"3":{"start":{"line":8,"column":6},"end":{"line":8,"column":25}},"4":{"start":{"line":10,"column":6},"end":{"line":10,"column":15}},"5":{"start":{"line":12,"column":6},"end":{"line":12,"column":18}}},"fnMap":{"0":{"name":"(anonymous_0)","decl":{"start":{"line":5,"column":16},"end":{"line":5,"column":17}},"loc":{"start":{"line":5,"column":50},"end":{"line":14,"column":1}},"line":5}},"branchMap":{"0":{"loc":{"start":{"line":5,"column":17},"end":{"line":5,"column":37}},"type":"default-arg","locations":[{"start":{"line":5,"column":25},"end":{"line":5,"column":37}}],"line":5},"1":{"loc":{"start":{"line":6,"column":2},"end":{"line":13,"column":3}},"type":"switch","locations":[{"start":{"line":7,"column":4},"end":{"line":8,"column":25}},{"start":{"line":9,"column":4},"end":{"line":10,"column":15}},{"start":{"line":11,"column":4},"end":{"line":12,"column":18}}],"line":6}},"s":{"0":3,"1":3,"2":14,"3":0,"4":0,"5":14},"f":{"0":14},"b":{"0":[13],"1":[0,0,14]},"_coverageSchema":"1a1c01bbd47fc00a2c39e90264f33305004495a9","hash":"9a1d70ea5064872469ca0c5e0a75d3715ca72a1b"}
,"/Users/user/Documents/workspace/vroom/client/reducers/waiting.js": {"path":"/Users/user/Documents/workspace/vroom/client/reducers/waiting.js","statementMap":{"0":{"start":{"line":5,"column":2},"end":{"line":15,"column":3}},"1":{"start":{"line":7,"column":6},"end":{"line":7,"column":17}},"2":{"start":{"line":11,"column":6},"end":{"line":11,"column":18}},"3":{"start":{"line":14,"column":6},"end":{"line":14,"column":18}}},"fnMap":{"0":{"name":"waiting","decl":{"start":{"line":4,"column":24},"end":{"line":4,"column":31}},"loc":{"start":{"line":4,"column":56},"end":{"line":16,"column":1}},"line":4}},"branchMap":{"0":{"loc":{"start":{"line":4,"column":33},"end":{"line":4,"column":46}},"type":"default-arg","locations":[{"start":{"line":4,"column":41},"end":{"line":4,"column":46}}],"line":4},"1":{"loc":{"start":{"line":5,"column":2},"end":{"line":15,"column":3}},"type":"switch","locations":[{"start":{"line":6,"column":4},"end":{"line":7,"column":17}},{"start":{"line":9,"column":4},"end":{"line":9,"column":20}},{"start":{"line":10,"column":4},"end":{"line":11,"column":18}},{"start":{"line":13,"column":4},"end":{"line":14,"column":18}}],"line":5}},"s":{"0":4,"1":1,"2":2,"3":1},"f":{"0":4},"b":{"0":[0],"1":[1,1,2,1]},"_coverageSchema":"1a1c01bbd47fc00a2c39e90264f33305004495a9","hash":"6f411a8543b76db1a0556677ef566d79fe8c9653"}
,"/Users/user/Documents/workspace/vroom/server/auth0.js": {"path":"/Users/user/Documents/workspace/vroom/server/auth0.js","statementMap":{"0":{"start":{"line":1,"column":12},"end":{"line":1,"column":34}},"1":{"start":{"line":2,"column":16},"end":{"line":2,"column":35}},"2":{"start":{"line":3,"column":16},"end":{"line":3,"column":37}},"3":{"start":{"line":5,"column":15},"end":{"line":5,"column":50}},"4":{"start":{"line":6,"column":17},"end":{"line":6,"column":51}},"5":{"start":{"line":7,"column":15},"end":{"line":7,"column":52}},"6":{"start":{"line":9,"column":21},"end":{"line":15,"column":1}},"7":{"start":{"line":10,"column":22},"end":{"line":10,"column":44}},"8":{"start":{"line":11,"column":19},"end":{"line":12,"column":52}},"9":{"start":{"line":14,"column":2},"end":{"line":14,"column":21}},"10":{"start":{"line":17,"column":23},"end":{"line":29,"column":1}},"11":{"start":{"line":18,"column":15},"end":{"line":23,"column":3}},"12":{"start":{"line":25,"column":19},"end":{"line":27,"column":17}},"13":{"start":{"line":28,"column":2},"end":{"line":28,"column":26}},"14":{"start":{"line":31,"column":17},"end":{"line":41,"column":2}},"15":{"start":{"line":43,"column":0},"end":{"line":43,"column":43}}},"fnMap":{"0":{"name":"(anonymous_0)","decl":{"start":{"line":9,"column":21},"end":{"line":9,"column":22}},"loc":{"start":{"line":9,"column":36},"end":{"line":15,"column":1}},"line":9},"1":{"name":"(anonymous_1)","decl":{"start":{"line":17,"column":23},"end":{"line":17,"column":24}},"loc":{"start":{"line":17,"column":35},"end":{"line":29,"column":1}},"line":17}},"branchMap":{},"s":{"0":2,"1":2,"2":2,"3":2,"4":2,"5":2,"6":2,"7":0,"8":0,"9":0,"10":2,"11":0,"12":0,"13":0,"14":2,"15":2},"f":{"0":0,"1":0},"b":{},"_coverageSchema":"1a1c01bbd47fc00a2c39e90264f33305004495a9","hash":"142b2b723cc614607818cb2b334a54f298910651"}
,"/Users/user/Documents/workspace/vroom/server/server.js": {"path":"/Users/user/Documents/workspace/vroom/server/server.js","statementMap":{"0":{"start":{"line":1,"column":16},"end":{"line":1,"column":34}},"1":{"start":{"line":2,"column":13},"end":{"line":2,"column":28}},"2":{"start":{"line":4,"column":21},"end":{"line":4,"column":47}},"3":{"start":{"line":5,"column":24},"end":{"line":5,"column":53}},"4":{"start":{"line":6,"column":22},"end":{"line":6,"column":49}},"5":{"start":{"line":7,"column":20},"end":{"line":7,"column":45}},"6":{"start":{"line":8,"column":20},"end":{"line":8,"column":45}},"7":{"start":{"line":9,"column":19},"end":{"line":9,"column":43}},"8":{"start":{"line":10,"column":23},"end":{"line":10,"column":51}},"9":{"start":{"line":12,"column":15},"end":{"line":12,"column":24}},"10":{"start":{"line":14,"column":0},"end":{"line":14,"column":26}},"11":{"start":{"line":15,"column":0},"end":{"line":15,"column":58}},"12":{"start":{"line":17,"column":0},"end":{"line":17,"column":40}},"13":{"start":{"line":18,"column":0},"end":{"line":18,"column":42}},"14":{"start":{"line":19,"column":0},"end":{"line":19,"column":48}},"15":{"start":{"line":20,"column":0},"end":{"line":20,"column":44}},"16":{"start":{"line":21,"column":0},"end":{"line":21,"column":40}},"17":{"start":{"line":22,"column":0},"end":{"line":22,"column":38}},"18":{"start":{"line":23,"column":0},"end":{"line":23,"column":46}},"19":{"start":{"line":25,"column":0},"end":{"line":25,"column":23}}},"fnMap":{},"branchMap":{},"s":{"0":2,"1":2,"2":2,"3":2,"4":2,"5":2,"6":2,"7":2,"8":2,"9":2,"10":2,"11":2,"12":2,"13":2,"14":2,"15":2,"16":2,"17":2,"18":2,"19":2},"f":{},"b":{},"_coverageSchema":"1a1c01bbd47fc00a2c39e90264f33305004495a9","hash":"0d208df92ac556b8ab2323c0babfc9f139870243"}
,"/Users/user/Documents/workspace/vroom/server/db/bookings.js": {"path":"/Users/user/Documents/workspace/vroom/server/db/bookings.js","statementMap":{"0":{"start":{"line":1,"column":19},"end":{"line":1,"column":42}},"1":{"start":{"line":3,"column":0},"end":{"line":6,"column":1}},"2":{"start":{"line":9,"column":26},"end":{"line":9,"column":37}},"3":{"start":{"line":10,"column":21},"end":{"line":10,"column":83}},"4":{"start":{"line":11,"column":2},"end":{"line":20,"column":6}},"5":{"start":{"line":15,"column":6},"end":{"line":19,"column":7}},"6":{"start":{"line":24,"column":2},"end":{"line":29,"column":5}}},"fnMap":{"0":{"name":"bookRide","decl":{"start":{"line":8,"column":9},"end":{"line":8,"column":17}},"loc":{"start":{"line":8,"column":62},"end":{"line":21,"column":1}},"line":8},"1":{"name":"(anonymous_1)","decl":{"start":{"line":14,"column":10},"end":{"line":14,"column":11}},"loc":{"start":{"line":14,"column":20},"end":{"line":20,"column":5}},"line":14},"2":{"name":"getBookedRides","decl":{"start":{"line":23,"column":9},"end":{"line":23,"column":23}},"loc":{"start":{"line":23,"column":42},"end":{"line":30,"column":1}},"line":23}},"branchMap":{"0":{"loc":{"start":{"line":8,"column":45},"end":{"line":8,"column":60}},"type":"default-arg","locations":[{"start":{"line":8,"column":50},"end":{"line":8,"column":60}}],"line":8},"1":{"loc":{"start":{"line":23,"column":25},"end":{"line":23,"column":40}},"type":"default-arg","locations":[{"start":{"line":23,"column":30},"end":{"line":23,"column":40}}],"line":23}},"s":{"0":3,"1":3,"2":1,"3":1,"4":1,"5":1,"6":1},"f":{"0":1,"1":1,"2":1},"b":{"0":[0],"1":[0]},"_coverageSchema":"1a1c01bbd47fc00a2c39e90264f33305004495a9","hash":"7b15025fdfb9cffb036776429d409f390b365770"}
,"/Users/user/Documents/workspace/vroom/server/db/cars.js": {"path":"/Users/user/Documents/workspace/vroom/server/db/cars.js","statementMap":{"0":{"start":{"line":1,"column":19},"end":{"line":1,"column":42}},"1":{"start":{"line":4,"column":2},"end":{"line":9,"column":6}},"2":{"start":{"line":8,"column":6},"end":{"line":8,"column":22}},"3":{"start":{"line":13,"column":102},"end":{"line":13,"column":105}},"4":{"start":{"line":14,"column":17},"end":{"line":14,"column":172}},"5":{"start":{"line":15,"column":2},"end":{"line":31,"column":6}},"6":{"start":{"line":18,"column":6},"end":{"line":30,"column":7}},"7":{"start":{"line":35,"column":2},"end":{"line":38,"column":12}},"8":{"start":{"line":42,"column":106},"end":{"line":42,"column":109}},"9":{"start":{"line":43,"column":21},"end":{"line":43,"column":158}},"10":{"start":{"line":44,"column":2},"end":{"line":60,"column":6}},"11":{"start":{"line":48,"column":6},"end":{"line":59,"column":7}},"12":{"start":{"line":63,"column":0},"end":{"line":68,"column":1}}},"fnMap":{"0":{"name":"getCar","decl":{"start":{"line":3,"column":9},"end":{"line":3,"column":15}},"loc":{"start":{"line":3,"column":43},"end":{"line":10,"column":1}},"line":3},"1":{"name":"(anonymous_1)","decl":{"start":{"line":7,"column":10},"end":{"line":7,"column":11}},"loc":{"start":{"line":7,"column":20},"end":{"line":9,"column":5}},"line":7},"2":{"name":"addCar","decl":{"start":{"line":12,"column":9},"end":{"line":12,"column":15}},"loc":{"start":{"line":12,"column":48},"end":{"line":32,"column":1}},"line":12},"3":{"name":"(anonymous_3)","decl":{"start":{"line":17,"column":10},"end":{"line":17,"column":11}},"loc":{"start":{"line":17,"column":20},"end":{"line":31,"column":5}},"line":17},"4":{"name":"deleteCar","decl":{"start":{"line":34,"column":9},"end":{"line":34,"column":18}},"loc":{"start":{"line":34,"column":49},"end":{"line":39,"column":1}},"line":34},"5":{"name":"updateCar","decl":{"start":{"line":41,"column":9},"end":{"line":41,"column":18}},"loc":{"start":{"line":41,"column":42},"end":{"line":61,"column":1}},"line":41},"6":{"name":"(anonymous_6)","decl":{"start":{"line":47,"column":10},"end":{"line":47,"column":11}},"loc":{"start":{"line":47,"column":16},"end":{"line":60,"column":5}},"line":47}},"branchMap":{"0":{"loc":{"start":{"line":3,"column":26},"end":{"line":3,"column":41}},"type":"default-arg","locations":[{"start":{"line":3,"column":31},"end":{"line":3,"column":41}}],"line":3},"1":{"loc":{"start":{"line":12,"column":31},"end":{"line":12,"column":46}},"type":"default-arg","locations":[{"start":{"line":12,"column":36},"end":{"line":12,"column":46}}],"line":12},"2":{"loc":{"start":{"line":34,"column":32},"end":{"line":34,"column":47}},"type":"default-arg","locations":[{"start":{"line":34,"column":37},"end":{"line":34,"column":47}}],"line":34},"3":{"loc":{"start":{"line":41,"column":25},"end":{"line":41,"column":40}},"type":"default-arg","locations":[{"start":{"line":41,"column":30},"end":{"line":41,"column":40}}],"line":41}},"s":{"0":3,"1":2,"2":2,"3":1,"4":1,"5":1,"6":1,"7":1,"8":1,"9":1,"10":1,"11":1,"12":3},"f":{"0":2,"1":2,"2":1,"3":1,"4":1,"5":1,"6":1},"b":{"0":[0],"1":[0],"2":[0],"3":[0]},"_coverageSchema":"1a1c01bbd47fc00a2c39e90264f33305004495a9","hash":"2ce705bd9156cfbf2e68c5d7ee4ba397e4961f88"}
,"/Users/user/Documents/workspace/vroom/server/db/connection.js": {"path":"/Users/user/Documents/workspace/vroom/server/db/connection.js","statementMap":{"0":{"start":{"line":1,"column":13},"end":{"line":1,"column":28}},"1":{"start":{"line":2,"column":15},"end":{"line":2,"column":36}},"2":{"start":{"line":3,"column":12},"end":{"line":3,"column":49}},"3":{"start":{"line":4,"column":19},"end":{"line":4,"column":36}},"4":{"start":{"line":6,"column":0},"end":{"line":6,"column":27}}},"fnMap":{},"branchMap":{"0":{"loc":{"start":{"line":3,"column":12},"end":{"line":3,"column":49}},"type":"binary-expr","locations":[{"start":{"line":3,"column":12},"end":{"line":3,"column":32}},{"start":{"line":3,"column":36},"end":{"line":3,"column":49}}],"line":3}},"s":{"0":7,"1":7,"2":7,"3":7,"4":7},"f":{},"b":{"0":[7,0]},"_coverageSchema":"1a1c01bbd47fc00a2c39e90264f33305004495a9","hash":"960382d078f4b50c9951295744156970f77ab646"}
,"/Users/user/Documents/workspace/vroom/server/db/knexfile.js": {"path":"/Users/user/Documents/workspace/vroom/server/db/knexfile.js","statementMap":{"0":{"start":{"line":1,"column":13},"end":{"line":1,"column":28}},"1":{"start":{"line":3,"column":0},"end":{"line":37,"column":1}}},"fnMap":{},"branchMap":{},"s":{"0":7,"1":7},"f":{},"b":{},"_coverageSchema":"1a1c01bbd47fc00a2c39e90264f33305004495a9","hash":"8b5c13451c01592d95f2482518fa9b8f25792796"}
,"/Users/user/Documents/workspace/vroom/server/db/rides.js": {"path":"/Users/user/Documents/workspace/vroom/server/db/rides.js","statementMap":{"0":{"start":{"line":1,"column":19},"end":{"line":1,"column":42}},"1":{"start":{"line":4,"column":2},"end":{"line":12,"column":6}},"2":{"start":{"line":11,"column":6},"end":{"line":11,"column":22}},"3":{"start":{"line":16,"column":2},"end":{"line":26,"column":3}},"4":{"start":{"line":30,"column":2},"end":{"line":34,"column":6}},"5":{"start":{"line":33,"column":6},"end":{"line":33,"column":19}},"6":{"start":{"line":38,"column":22},"end":{"line":38,"column":24}},"7":{"start":{"line":39,"column":95},"end":{"line":39,"column":99}},"8":{"start":{"line":40,"column":18},"end":{"line":40,"column":192}},"9":{"start":{"line":41,"column":2},"end":{"line":56,"column":6}},"10":{"start":{"line":45,"column":6},"end":{"line":55,"column":7}},"11":{"start":{"line":60,"column":198},"end":{"line":60,"column":209}},"12":{"start":{"line":61,"column":2},"end":{"line":76,"column":6}},"13":{"start":{"line":65,"column":6},"end":{"line":75,"column":7}},"14":{"start":{"line":80,"column":2},"end":{"line":83,"column":12}},"15":{"start":{"line":86,"column":0},"end":{"line":93,"column":1}}},"fnMap":{"0":{"name":"getRides","decl":{"start":{"line":3,"column":9},"end":{"line":3,"column":17}},"loc":{"start":{"line":3,"column":70},"end":{"line":13,"column":1}},"line":3},"1":{"name":"(anonymous_1)","decl":{"start":{"line":10,"column":10},"end":{"line":10,"column":11}},"loc":{"start":{"line":10,"column":22},"end":{"line":12,"column":5}},"line":10},"2":{"name":"getAllRides","decl":{"start":{"line":15,"column":9},"end":{"line":15,"column":20}},"loc":{"start":{"line":15,"column":39},"end":{"line":27,"column":1}},"line":15},"3":{"name":"getRidesById","decl":{"start":{"line":29,"column":9},"end":{"line":29,"column":21}},"loc":{"start":{"line":29,"column":49},"end":{"line":35,"column":1}},"line":29},"4":{"name":"(anonymous_4)","decl":{"start":{"line":32,"column":10},"end":{"line":32,"column":11}},"loc":{"start":{"line":32,"column":22},"end":{"line":34,"column":5}},"line":32},"5":{"name":"addRide","decl":{"start":{"line":37,"column":9},"end":{"line":37,"column":16}},"loc":{"start":{"line":37,"column":45},"end":{"line":57,"column":1}},"line":37},"6":{"name":"(anonymous_6)","decl":{"start":{"line":44,"column":10},"end":{"line":44,"column":11}},"loc":{"start":{"line":44,"column":20},"end":{"line":56,"column":5}},"line":44},"7":{"name":"updateRide","decl":{"start":{"line":59,"column":9},"end":{"line":59,"column":19}},"loc":{"start":{"line":59,"column":51},"end":{"line":77,"column":1}},"line":59},"8":{"name":"(anonymous_8)","decl":{"start":{"line":64,"column":10},"end":{"line":64,"column":11}},"loc":{"start":{"line":64,"column":16},"end":{"line":76,"column":5}},"line":64},"9":{"name":"deleteRide","decl":{"start":{"line":79,"column":9},"end":{"line":79,"column":19}},"loc":{"start":{"line":79,"column":51},"end":{"line":84,"column":1}},"line":79}},"branchMap":{"0":{"loc":{"start":{"line":3,"column":53},"end":{"line":3,"column":68}},"type":"default-arg","locations":[{"start":{"line":3,"column":58},"end":{"line":3,"column":68}}],"line":3},"1":{"loc":{"start":{"line":15,"column":22},"end":{"line":15,"column":37}},"type":"default-arg","locations":[{"start":{"line":15,"column":27},"end":{"line":15,"column":37}}],"line":15},"2":{"loc":{"start":{"line":29,"column":32},"end":{"line":29,"column":47}},"type":"default-arg","locations":[{"start":{"line":29,"column":37},"end":{"line":29,"column":47}}],"line":29},"3":{"loc":{"start":{"line":37,"column":28},"end":{"line":37,"column":43}},"type":"default-arg","locations":[{"start":{"line":37,"column":33},"end":{"line":37,"column":43}}],"line":37},"4":{"loc":{"start":{"line":59,"column":34},"end":{"line":59,"column":49}},"type":"default-arg","locations":[{"start":{"line":59,"column":39},"end":{"line":59,"column":49}}],"line":59},"5":{"loc":{"start":{"line":79,"column":34},"end":{"line":79,"column":49}},"type":"default-arg","locations":[{"start":{"line":79,"column":39},"end":{"line":79,"column":49}}],"line":79}},"s":{"0":3,"1":0,"2":0,"3":1,"4":1,"5":1,"6":1,"7":1,"8":1,"9":1,"10":1,"11":1,"12":1,"13":1,"14":1,"15":3},"f":{"0":0,"1":0,"2":1,"3":1,"4":1,"5":1,"6":1,"7":1,"8":1,"9":1},"b":{"0":[0],"1":[0],"2":[0],"3":[0],"4":[0],"5":[0]},"_coverageSchema":"1a1c01bbd47fc00a2c39e90264f33305004495a9","hash":"8a0c97d04a4a18b2e9267b03d771db3e6f32ca94"}
,"/Users/user/Documents/workspace/vroom/server/db/users.js": {"path":"/Users/user/Documents/workspace/vroom/server/db/users.js","statementMap":{"0":{"start":{"line":1,"column":19},"end":{"line":1,"column":42}},"1":{"start":{"line":4,"column":2},"end":{"line":16,"column":24}},"2":{"start":{"line":20,"column":2},"end":{"line":34,"column":12}},"3":{"start":{"line":38,"column":2},"end":{"line":40,"column":32}},"4":{"start":{"line":44,"column":63},"end":{"line":44,"column":67}},"5":{"start":{"line":45,"column":18},"end":{"line":45,"column":117}},"6":{"start":{"line":46,"column":2},"end":{"line":47,"column":20}},"7":{"start":{"line":50,"column":0},"end":{"line":55,"column":1}}},"fnMap":{"0":{"name":"getUsers","decl":{"start":{"line":3,"column":9},"end":{"line":3,"column":17}},"loc":{"start":{"line":3,"column":36},"end":{"line":17,"column":1}},"line":3},"1":{"name":"getUser","decl":{"start":{"line":19,"column":9},"end":{"line":19,"column":16}},"loc":{"start":{"line":19,"column":44},"end":{"line":35,"column":1}},"line":19},"2":{"name":"setHasCar","decl":{"start":{"line":37,"column":9},"end":{"line":37,"column":18}},"loc":{"start":{"line":37,"column":46},"end":{"line":41,"column":1}},"line":37},"3":{"name":"addUser","decl":{"start":{"line":43,"column":9},"end":{"line":43,"column":16}},"loc":{"start":{"line":43,"column":41},"end":{"line":48,"column":1}},"line":43}},"branchMap":{"0":{"loc":{"start":{"line":3,"column":19},"end":{"line":3,"column":34}},"type":"default-arg","locations":[{"start":{"line":3,"column":24},"end":{"line":3,"column":34}}],"line":3},"1":{"loc":{"start":{"line":19,"column":27},"end":{"line":19,"column":42}},"type":"default-arg","locations":[{"start":{"line":19,"column":32},"end":{"line":19,"column":42}}],"line":19},"2":{"loc":{"start":{"line":37,"column":29},"end":{"line":37,"column":44}},"type":"default-arg","locations":[{"start":{"line":37,"column":34},"end":{"line":37,"column":44}}],"line":37},"3":{"loc":{"start":{"line":43,"column":24},"end":{"line":43,"column":39}},"type":"default-arg","locations":[{"start":{"line":43,"column":29},"end":{"line":43,"column":39}}],"line":43}},"s":{"0":2,"1":0,"2":0,"3":0,"4":0,"5":0,"6":0,"7":2},"f":{"0":0,"1":0,"2":0,"3":0},"b":{"0":[0],"1":[0],"2":[0],"3":[0]},"_coverageSchema":"1a1c01bbd47fc00a2c39e90264f33305004495a9","hash":"1a00f379aad68db1edc8c5a6c1fe5f4535baf328"}
,"/Users/user/Documents/workspace/vroom/server/db/migrations/20210922053804_users.js": {"path":"/Users/user/Documents/workspace/vroom/server/db/migrations/20210922053804_users.js","statementMap":{"0":{"start":{"line":1,"column":0},"end":{"line":17,"column":1}},"1":{"start":{"line":2,"column":2},"end":{"line":16,"column":4}},"2":{"start":{"line":3,"column":4},"end":{"line":3,"column":26}},"3":{"start":{"line":4,"column":4},"end":{"line":4,"column":28}},"4":{"start":{"line":5,"column":4},"end":{"line":5,"column":30}},"5":{"start":{"line":6,"column":4},"end":{"line":6,"column":29}},"6":{"start":{"line":7,"column":4},"end":{"line":7,"column":25}},"7":{"start":{"line":8,"column":4},"end":{"line":8,"column":31}},"8":{"start":{"line":9,"column":4},"end":{"line":9,"column":32}},"9":{"start":{"line":10,"column":4},"end":{"line":10,"column":23}},"10":{"start":{"line":11,"column":4},"end":{"line":11,"column":31}},"11":{"start":{"line":12,"column":4},"end":{"line":12,"column":25}},"12":{"start":{"line":13,"column":4},"end":{"line":13,"column":32}},"13":{"start":{"line":14,"column":4},"end":{"line":14,"column":30}},"14":{"start":{"line":15,"column":4},"end":{"line":15,"column":27}},"15":{"start":{"line":19,"column":0},"end":{"line":21,"column":1}},"16":{"start":{"line":20,"column":2},"end":{"line":20,"column":39}}},"fnMap":{"0":{"name":"(anonymous_0)","decl":{"start":{"line":1,"column":13},"end":{"line":1,"column":14}},"loc":{"start":{"line":1,"column":29},"end":{"line":17,"column":1}},"line":1},"1":{"name":"(anonymous_1)","decl":{"start":{"line":2,"column":42},"end":{"line":2,"column":43}},"loc":{"start":{"line":2,"column":51},"end":{"line":16,"column":3}},"line":2},"2":{"name":"(anonymous_2)","decl":{"start":{"line":19,"column":15},"end":{"line":19,"column":16}},"loc":{"start":{"line":19,"column":31},"end":{"line":21,"column":1}},"line":19}},"branchMap":{},"s":{"0":3,"1":3,"2":3,"3":3,"4":3,"5":3,"6":3,"7":3,"8":3,"9":3,"10":3,"11":3,"12":3,"13":3,"14":3,"15":3,"16":0},"f":{"0":3,"1":3,"2":0},"b":{},"_coverageSchema":"1a1c01bbd47fc00a2c39e90264f33305004495a9","hash":"cb7d3e0435b86843843cea2c0464c630f2ef0094"}
,"/Users/user/Documents/workspace/vroom/server/db/migrations/20210923150629_cars.js": {"path":"/Users/user/Documents/workspace/vroom/server/db/migrations/20210923150629_cars.js","statementMap":{"0":{"start":{"line":1,"column":0},"end":{"line":15,"column":1}},"1":{"start":{"line":2,"column":2},"end":{"line":14,"column":4}},"2":{"start":{"line":3,"column":4},"end":{"line":3,"column":36}},"3":{"start":{"line":4,"column":4},"end":{"line":4,"column":56}},"4":{"start":{"line":5,"column":4},"end":{"line":5,"column":24}},"5":{"start":{"line":6,"column":4},"end":{"line":6,"column":25}},"6":{"start":{"line":7,"column":4},"end":{"line":7,"column":25}},"7":{"start":{"line":8,"column":4},"end":{"line":8,"column":26}},"8":{"start":{"line":9,"column":4},"end":{"line":9,"column":33}},"9":{"start":{"line":10,"column":4},"end":{"line":10,"column":33}},"10":{"start":{"line":11,"column":4},"end":{"line":11,"column":24}},"11":{"start":{"line":12,"column":4},"end":{"line":12,"column":36}},"12":{"start":{"line":13,"column":4},"end":{"line":13,"column":33}},"13":{"start":{"line":17,"column":0},"end":{"line":19,"column":1}},"14":{"start":{"line":18,"column":2},"end":{"line":18,"column":38}}},"fnMap":{"0":{"name":"(anonymous_0)","decl":{"start":{"line":1,"column":13},"end":{"line":1,"column":14}},"loc":{"start":{"line":1,"column":23},"end":{"line":15,"column":1}},"line":1},"1":{"name":"(anonymous_1)","decl":{"start":{"line":2,"column":41},"end":{"line":2,"column":42}},"loc":{"start":{"line":2,"column":52},"end":{"line":14,"column":3}},"line":2},"2":{"name":"(anonymous_2)","decl":{"start":{"line":17,"column":15},"end":{"line":17,"column":16}},"loc":{"start":{"line":17,"column":25},"end":{"line":19,"column":1}},"line":17}},"branchMap":{},"s":{"0":3,"1":3,"2":3,"3":3,"4":3,"5":3,"6":3,"7":3,"8":3,"9":3,"10":3,"11":3,"12":3,"13":3,"14":0},"f":{"0":3,"1":3,"2":0},"b":{},"_coverageSchema":"1a1c01bbd47fc00a2c39e90264f33305004495a9","hash":"4da3bd3f752afd362c8164d46b1f881ab425fb56"}
,"/Users/user/Documents/workspace/vroom/server/db/migrations/20210923151913_rides.js": {"path":"/Users/user/Documents/workspace/vroom/server/db/migrations/20210923151913_rides.js","statementMap":{"0":{"start":{"line":1,"column":0},"end":{"line":14,"column":1}},"1":{"start":{"line":2,"column":2},"end":{"line":13,"column":4}},"2":{"start":{"line":3,"column":4},"end":{"line":3,"column":36}},"3":{"start":{"line":4,"column":4},"end":{"line":4,"column":57}},"4":{"start":{"line":5,"column":4},"end":{"line":5,"column":34}},"5":{"start":{"line":6,"column":4},"end":{"line":6,"column":31}},"6":{"start":{"line":7,"column":4},"end":{"line":7,"column":22}},"7":{"start":{"line":8,"column":4},"end":{"line":8,"column":30}},"8":{"start":{"line":9,"column":4},"end":{"line":9,"column":40}},"9":{"start":{"line":10,"column":4},"end":{"line":10,"column":36}},"10":{"start":{"line":11,"column":4},"end":{"line":11,"column":25}},"11":{"start":{"line":16,"column":0},"end":{"line":18,"column":1}},"12":{"start":{"line":17,"column":2},"end":{"line":17,"column":39}}},"fnMap":{"0":{"name":"(anonymous_0)","decl":{"start":{"line":1,"column":13},"end":{"line":1,"column":14}},"loc":{"start":{"line":1,"column":23},"end":{"line":14,"column":1}},"line":1},"1":{"name":"(anonymous_1)","decl":{"start":{"line":2,"column":42},"end":{"line":2,"column":43}},"loc":{"start":{"line":2,"column":53},"end":{"line":13,"column":3}},"line":2},"2":{"name":"(anonymous_2)","decl":{"start":{"line":16,"column":15},"end":{"line":16,"column":16}},"loc":{"start":{"line":16,"column":25},"end":{"line":18,"column":1}},"line":16}},"branchMap":{},"s":{"0":3,"1":3,"2":3,"3":3,"4":3,"5":3,"6":3,"7":3,"8":3,"9":3,"10":3,"11":3,"12":0},"f":{"0":3,"1":3,"2":0},"b":{},"_coverageSchema":"1a1c01bbd47fc00a2c39e90264f33305004495a9","hash":"bb03b54dc0893dce2e93229029a94e23a82a7c60"}
,"/Users/user/Documents/workspace/vroom/server/db/migrations/20210927191923_ridepassengers.js": {"path":"/Users/user/Documents/workspace/vroom/server/db/migrations/20210927191923_ridepassengers.js","statementMap":{"0":{"start":{"line":1,"column":0},"end":{"line":7,"column":1}},"1":{"start":{"line":2,"column":2},"end":{"line":6,"column":4}},"2":{"start":{"line":3,"column":4},"end":{"line":3,"column":58}},"3":{"start":{"line":4,"column":4},"end":{"line":4,"column":51}},"4":{"start":{"line":5,"column":4},"end":{"line":5,"column":32}},"5":{"start":{"line":9,"column":0},"end":{"line":11,"column":1}},"6":{"start":{"line":10,"column":2},"end":{"line":10,"column":48}}},"fnMap":{"0":{"name":"(anonymous_0)","decl":{"start":{"line":1,"column":13},"end":{"line":1,"column":14}},"loc":{"start":{"line":1,"column":23},"end":{"line":7,"column":1}},"line":1},"1":{"name":"(anonymous_1)","decl":{"start":{"line":2,"column":51},"end":{"line":2,"column":52}},"loc":{"start":{"line":2,"column":62},"end":{"line":6,"column":3}},"line":2},"2":{"name":"(anonymous_2)","decl":{"start":{"line":9,"column":15},"end":{"line":9,"column":16}},"loc":{"start":{"line":9,"column":25},"end":{"line":11,"column":1}},"line":9}},"branchMap":{},"s":{"0":3,"1":3,"2":3,"3":3,"4":3,"5":3,"6":0},"f":{"0":3,"1":3,"2":0},"b":{},"_coverageSchema":"1a1c01bbd47fc00a2c39e90264f33305004495a9","hash":"61c7df1bca8809e90bd4f13f8228ea4ae5593fc3"}
,"/Users/user/Documents/workspace/vroom/server/db/seeds/cars.js": {"path":"/Users/user/Documents/workspace/vroom/server/db/seeds/cars.js","statementMap":{"0":{"start":{"line":1,"column":0},"end":{"line":20,"column":1}},"1":{"start":{"line":2,"column":2},"end":{"line":19,"column":6}},"2":{"start":{"line":4,"column":6},"end":{"line":18,"column":8}}},"fnMap":{"0":{"name":"(anonymous_0)","decl":{"start":{"line":1,"column":15},"end":{"line":1,"column":16}},"loc":{"start":{"line":1,"column":31},"end":{"line":20,"column":1}},"line":1},"1":{"name":"(anonymous_1)","decl":{"start":{"line":3,"column":10},"end":{"line":3,"column":11}},"loc":{"start":{"line":3,"column":22},"end":{"line":19,"column":5}},"line":3}},"branchMap":{},"s":{"0":3,"1":10,"2":10},"f":{"0":10,"1":10},"b":{},"_coverageSchema":"1a1c01bbd47fc00a2c39e90264f33305004495a9","hash":"1830e0c305b6265396cbf482e5d71eaba80944dc"}
,"/Users/user/Documents/workspace/vroom/server/db/seeds/ridepassengers.js": {"path":"/Users/user/Documents/workspace/vroom/server/db/seeds/ridepassengers.js","statementMap":{"0":{"start":{"line":1,"column":0},"end":{"line":22,"column":1}},"1":{"start":{"line":2,"column":2},"end":{"line":21,"column":6}},"2":{"start":{"line":4,"column":6},"end":{"line":20,"column":8}}},"fnMap":{"0":{"name":"(anonymous_0)","decl":{"start":{"line":1,"column":15},"end":{"line":1,"column":16}},"loc":{"start":{"line":1,"column":31},"end":{"line":22,"column":1}},"line":1},"1":{"name":"(anonymous_1)","decl":{"start":{"line":3,"column":10},"end":{"line":3,"column":11}},"loc":{"start":{"line":3,"column":22},"end":{"line":21,"column":5}},"line":3}},"branchMap":{},"s":{"0":3,"1":10,"2":10},"f":{"0":10,"1":10},"b":{},"_coverageSchema":"1a1c01bbd47fc00a2c39e90264f33305004495a9","hash":"2e7b5ed712e8d2b97cc1baca929adc7dac1344e4"}
,"/Users/user/Documents/workspace/vroom/server/db/seeds/rides.js": {"path":"/Users/user/Documents/workspace/vroom/server/db/seeds/rides.js","statementMap":{"0":{"start":{"line":1,"column":0},"end":{"line":40,"column":1}},"1":{"start":{"line":2,"column":2},"end":{"line":39,"column":6}},"2":{"start":{"line":4,"column":6},"end":{"line":38,"column":8}}},"fnMap":{"0":{"name":"(anonymous_0)","decl":{"start":{"line":1,"column":15},"end":{"line":1,"column":16}},"loc":{"start":{"line":1,"column":31},"end":{"line":40,"column":1}},"line":1},"1":{"name":"(anonymous_1)","decl":{"start":{"line":3,"column":10},"end":{"line":3,"column":11}},"loc":{"start":{"line":3,"column":22},"end":{"line":39,"column":5}},"line":3}},"branchMap":{},"s":{"0":3,"1":10,"2":10},"f":{"0":10,"1":10},"b":{},"_coverageSchema":"1a1c01bbd47fc00a2c39e90264f33305004495a9","hash":"b70caf4037ab3030d37bd69dfcb19b4e00fae24f"}
,"/Users/user/Documents/workspace/vroom/server/db/seeds/users.js": {"path":"/Users/user/Documents/workspace/vroom/server/db/seeds/users.js","statementMap":{"0":{"start":{"line":1,"column":0},"end":{"line":37,"column":1}},"1":{"start":{"line":2,"column":2},"end":{"line":36,"column":6}},"2":{"start":{"line":4,"column":6},"end":{"line":35,"column":8}}},"fnMap":{"0":{"name":"(anonymous_0)","decl":{"start":{"line":1,"column":15},"end":{"line":1,"column":16}},"loc":{"start":{"line":1,"column":31},"end":{"line":37,"column":1}},"line":1},"1":{"name":"(anonymous_1)","decl":{"start":{"line":3,"column":10},"end":{"line":3,"column":11}},"loc":{"start":{"line":3,"column":22},"end":{"line":36,"column":5}},"line":3}},"branchMap":{},"s":{"0":3,"1":10,"2":10},"f":{"0":10,"1":10},"b":{},"_coverageSchema":"1a1c01bbd47fc00a2c39e90264f33305004495a9","hash":"547b330eff2f0e172261b4570c70d3bd346b9446"}
,"/Users/user/Documents/workspace/vroom/server/routes/bookings.js": {"path":"/Users/user/Documents/workspace/vroom/server/routes/bookings.js","statementMap":{"0":{"start":{"line":1,"column":16},"end":{"line":1,"column":34}},"1":{"start":{"line":3,"column":19},"end":{"line":3,"column":44}},"2":{"start":{"line":5,"column":15},"end":{"line":5,"column":31}},"3":{"start":{"line":9,"column":0},"end":{"line":18,"column":2}},"4":{"start":{"line":10,"column":2},"end":{"line":17,"column":6}},"5":{"start":{"line":12,"column":6},"end":{"line":12,"column":24}},"6":{"start":{"line":13,"column":6},"end":{"line":13,"column":17}},"7":{"start":{"line":16,"column":6},"end":{"line":16,"column":39}},"8":{"start":{"line":22,"column":0},"end":{"line":32,"column":2}},"9":{"start":{"line":23,"column":22},"end":{"line":23,"column":42}},"10":{"start":{"line":24,"column":22},"end":{"line":24,"column":42}},"11":{"start":{"line":25,"column":2},"end":{"line":31,"column":3}},"12":{"start":{"line":26,"column":4},"end":{"line":26,"column":55}},"13":{"start":{"line":27,"column":4},"end":{"line":27,"column":23}},"14":{"start":{"line":29,"column":4},"end":{"line":29,"column":24}},"15":{"start":{"line":30,"column":4},"end":{"line":30,"column":81}},"16":{"start":{"line":34,"column":0},"end":{"line":34,"column":23}}},"fnMap":{"0":{"name":"(anonymous_0)","decl":{"start":{"line":9,"column":16},"end":{"line":9,"column":17}},"loc":{"start":{"line":9,"column":30},"end":{"line":18,"column":1}},"line":9},"1":{"name":"(anonymous_1)","decl":{"start":{"line":11,"column":10},"end":{"line":11,"column":11}},"loc":{"start":{"line":11,"column":22},"end":{"line":14,"column":5}},"line":11},"2":{"name":"(anonymous_2)","decl":{"start":{"line":15,"column":11},"end":{"line":15,"column":12}},"loc":{"start":{"line":15,"column":18},"end":{"line":17,"column":5}},"line":15},"3":{"name":"(anonymous_3)","decl":{"start":{"line":22,"column":17},"end":{"line":22,"column":18}},"loc":{"start":{"line":22,"column":37},"end":{"line":32,"column":1}},"line":22}},"branchMap":{},"s":{"0":2,"1":2,"2":2,"3":2,"4":1,"5":1,"6":1,"7":0,"8":2,"9":1,"10":1,"11":1,"12":1,"13":1,"14":0,"15":0,"16":2},"f":{"0":1,"1":1,"2":0,"3":1},"b":{},"_coverageSchema":"1a1c01bbd47fc00a2c39e90264f33305004495a9","hash":"09666eed1a75bbb514e4d2c228bfc9fc317d899e"}
,"/Users/user/Documents/workspace/vroom/server/routes/cars.js": {"path":"/Users/user/Documents/workspace/vroom/server/routes/cars.js","statementMap":{"0":{"start":{"line":1,"column":16},"end":{"line":1,"column":34}},"1":{"start":{"line":3,"column":15},"end":{"line":3,"column":36}},"2":{"start":{"line":4,"column":16},"end":{"line":4,"column":38}},"3":{"start":{"line":6,"column":15},"end":{"line":6,"column":31}},"4":{"start":{"line":8,"column":0},"end":{"line":8,"column":23}},"5":{"start":{"line":11,"column":0},"end":{"line":22,"column":2}},"6":{"start":{"line":12,"column":14},"end":{"line":12,"column":30}},"7":{"start":{"line":13,"column":18},"end":{"line":13,"column":34}},"8":{"start":{"line":14,"column":2},"end":{"line":21,"column":3}},"9":{"start":{"line":15,"column":4},"end":{"line":15,"column":37}},"10":{"start":{"line":16,"column":4},"end":{"line":16,"column":36}},"11":{"start":{"line":17,"column":4},"end":{"line":17,"column":23}},"12":{"start":{"line":19,"column":4},"end":{"line":19,"column":24}},"13":{"start":{"line":20,"column":4},"end":{"line":20,"column":79}},"14":{"start":{"line":24,"column":0},"end":{"line":34,"column":2}},"15":{"start":{"line":25,"column":13},"end":{"line":25,"column":26}},"16":{"start":{"line":26,"column":2},"end":{"line":33,"column":6}},"17":{"start":{"line":28,"column":6},"end":{"line":28,"column":20}},"18":{"start":{"line":29,"column":6},"end":{"line":29,"column":17}},"19":{"start":{"line":31,"column":6},"end":{"line":31,"column":24}},"20":{"start":{"line":32,"column":6},"end":{"line":32,"column":39}}},"fnMap":{"0":{"name":"(anonymous_0)","decl":{"start":{"line":11,"column":17},"end":{"line":11,"column":18}},"loc":{"start":{"line":11,"column":37},"end":{"line":22,"column":1}},"line":11},"1":{"name":"(anonymous_1)","decl":{"start":{"line":24,"column":19},"end":{"line":24,"column":20}},"loc":{"start":{"line":24,"column":33},"end":{"line":34,"column":1}},"line":24},"2":{"name":"(anonymous_2)","decl":{"start":{"line":27,"column":10},"end":{"line":27,"column":11}},"loc":{"start":{"line":27,"column":18},"end":{"line":30,"column":5}},"line":27},"3":{"name":"(anonymous_3)","decl":{"start":{"line":30,"column":13},"end":{"line":30,"column":14}},"loc":{"start":{"line":30,"column":20},"end":{"line":33,"column":5}},"line":30}},"branchMap":{},"s":{"0":2,"1":2,"2":2,"3":2,"4":2,"5":2,"6":1,"7":1,"8":1,"9":1,"10":1,"11":1,"12":0,"13":0,"14":2,"15":1,"16":1,"17":1,"18":1,"19":0,"20":0},"f":{"0":1,"1":1,"2":1,"3":0},"b":{},"_coverageSchema":"1a1c01bbd47fc00a2c39e90264f33305004495a9","hash":"dc96a38afff0a76854b5cce0a697300974830f0d"}
,"/Users/user/Documents/workspace/vroom/server/routes/private.js": {"path":"/Users/user/Documents/workspace/vroom/server/routes/private.js","statementMap":{"0":{"start":{"line":1,"column":16},"end":{"line":1,"column":34}},"1":{"start":{"line":2,"column":21},"end":{"line":2,"column":40}},"2":{"start":{"line":3,"column":17},"end":{"line":3,"column":45}},"3":{"start":{"line":5,"column":15},"end":{"line":5,"column":31}},"4":{"start":{"line":7,"column":19},"end":{"line":7,"column":89}},"5":{"start":{"line":10,"column":0},"end":{"line":12,"column":2}},"6":{"start":{"line":11,"column":2},"end":{"line":11,"column":116}},"7":{"start":{"line":14,"column":0},"end":{"line":14,"column":23}}},"fnMap":{"0":{"name":"(anonymous_0)","decl":{"start":{"line":10,"column":38},"end":{"line":10,"column":39}},"loc":{"start":{"line":10,"column":52},"end":{"line":12,"column":1}},"line":10}},"branchMap":{},"s":{"0":2,"1":2,"2":2,"3":2,"4":2,"5":2,"6":0,"7":2},"f":{"0":0},"b":{},"_coverageSchema":"1a1c01bbd47fc00a2c39e90264f33305004495a9","hash":"124ce598aff126454cba9b1c48fb47eb9a606ed2"}
,"/Users/user/Documents/workspace/vroom/server/routes/protected.js": {"path":"/Users/user/Documents/workspace/vroom/server/routes/protected.js","statementMap":{"0":{"start":{"line":1,"column":16},"end":{"line":1,"column":34}},"1":{"start":{"line":2,"column":21},"end":{"line":2,"column":40}},"2":{"start":{"line":4,"column":15},"end":{"line":4,"column":31}},"3":{"start":{"line":7,"column":0},"end":{"line":9,"column":2}},"4":{"start":{"line":8,"column":2},"end":{"line":8,"column":90}},"5":{"start":{"line":11,"column":0},"end":{"line":11,"column":23}}},"fnMap":{"0":{"name":"(anonymous_0)","decl":{"start":{"line":7,"column":26},"end":{"line":7,"column":27}},"loc":{"start":{"line":7,"column":40},"end":{"line":9,"column":1}},"line":7}},"branchMap":{},"s":{"0":2,"1":2,"2":2,"3":2,"4":0,"5":2},"f":{"0":0},"b":{},"_coverageSchema":"1a1c01bbd47fc00a2c39e90264f33305004495a9","hash":"32f6768afec57680ebb7983fabc591f54d02de62"}
,"/Users/user/Documents/workspace/vroom/server/routes/public.js": {"path":"/Users/user/Documents/workspace/vroom/server/routes/public.js","statementMap":{"0":{"start":{"line":1,"column":16},"end":{"line":1,"column":34}},"1":{"start":{"line":3,"column":15},"end":{"line":3,"column":31}},"2":{"start":{"line":6,"column":0},"end":{"line":8,"column":2}},"3":{"start":{"line":7,"column":2},"end":{"line":7,"column":73}},"4":{"start":{"line":10,"column":0},"end":{"line":10,"column":23}}},"fnMap":{"0":{"name":"(anonymous_0)","decl":{"start":{"line":6,"column":16},"end":{"line":6,"column":17}},"loc":{"start":{"line":6,"column":30},"end":{"line":8,"column":1}},"line":6}},"branchMap":{},"s":{"0":2,"1":2,"2":2,"3":0,"4":2},"f":{"0":0},"b":{},"_coverageSchema":"1a1c01bbd47fc00a2c39e90264f33305004495a9","hash":"21994dde68e360ffdcf67a64f9861abc47d5314c"}
,"/Users/user/Documents/workspace/vroom/server/routes/rides.js": {"path":"/Users/user/Documents/workspace/vroom/server/routes/rides.js","statementMap":{"0":{"start":{"line":1,"column":16},"end":{"line":1,"column":34}},"1":{"start":{"line":3,"column":16},"end":{"line":3,"column":38}},"2":{"start":{"line":5,"column":15},"end":{"line":5,"column":31}},"3":{"start":{"line":9,"column":0},"end":{"line":17,"column":2}},"4":{"start":{"line":10,"column":2},"end":{"line":16,"column":6}},"5":{"start":{"line":12,"column":6},"end":{"line":12,"column":21}},"6":{"start":{"line":13,"column":6},"end":{"line":13,"column":17}},"7":{"start":{"line":15,"column":6},"end":{"line":15,"column":39}},"8":{"start":{"line":19,"column":0},"end":{"line":29,"column":2}},"9":{"start":{"line":20,"column":15},"end":{"line":20,"column":31}},"10":{"start":{"line":21,"column":15},"end":{"line":21,"column":28}},"11":{"start":{"line":22,"column":2},"end":{"line":28,"column":3}},"12":{"start":{"line":23,"column":4},"end":{"line":23,"column":37}},"13":{"start":{"line":24,"column":4},"end":{"line":24,"column":23}},"14":{"start":{"line":26,"column":4},"end":{"line":26,"column":24}},"15":{"start":{"line":27,"column":4},"end":{"line":27,"column":81}},"16":{"start":{"line":31,"column":0},"end":{"line":31,"column":23}}},"fnMap":{"0":{"name":"(anonymous_0)","decl":{"start":{"line":9,"column":16},"end":{"line":9,"column":17}},"loc":{"start":{"line":9,"column":30},"end":{"line":17,"column":1}},"line":9},"1":{"name":"(anonymous_1)","decl":{"start":{"line":11,"column":10},"end":{"line":11,"column":11}},"loc":{"start":{"line":11,"column":19},"end":{"line":14,"column":5}},"line":11},"2":{"name":"(anonymous_2)","decl":{"start":{"line":14,"column":13},"end":{"line":14,"column":14}},"loc":{"start":{"line":14,"column":20},"end":{"line":16,"column":5}},"line":14},"3":{"name":"(anonymous_3)","decl":{"start":{"line":19,"column":17},"end":{"line":19,"column":18}},"loc":{"start":{"line":19,"column":37},"end":{"line":29,"column":1}},"line":19}},"branchMap":{},"s":{"0":2,"1":2,"2":2,"3":2,"4":0,"5":0,"6":0,"7":0,"8":2,"9":0,"10":0,"11":0,"12":0,"13":0,"14":0,"15":0,"16":2},"f":{"0":0,"1":0,"2":0,"3":0},"b":{},"_coverageSchema":"1a1c01bbd47fc00a2c39e90264f33305004495a9","hash":"00b01cbf580bbfee2cce7b46ec8de0194caefd52"}
,"/Users/user/Documents/workspace/vroom/server/routes/users.js": {"path":"/Users/user/Documents/workspace/vroom/server/routes/users.js","statementMap":{"0":{"start":{"line":1,"column":16},"end":{"line":1,"column":34}},"1":{"start":{"line":2,"column":20},"end":{"line":2,"column":42}},"2":{"start":{"line":4,"column":11},"end":{"line":4,"column":33}},"3":{"start":{"line":6,"column":15},"end":{"line":6,"column":31}},"4":{"start":{"line":8,"column":0},"end":{"line":18,"column":2}},"5":{"start":{"line":9,"column":2},"end":{"line":17,"column":6}},"6":{"start":{"line":11,"column":6},"end":{"line":11,"column":25}},"7":{"start":{"line":12,"column":6},"end":{"line":12,"column":17}},"8":{"start":{"line":15,"column":6},"end":{"line":15,"column":24}},"9":{"start":{"line":16,"column":6},"end":{"line":16,"column":63}},"10":{"start":{"line":20,"column":0},"end":{"line":32,"column":2}},"11":{"start":{"line":21,"column":29},"end":{"line":21,"column":42}},"12":{"start":{"line":22,"column":47},"end":{"line":22,"column":62}},"13":{"start":{"line":23,"column":15},"end":{"line":23,"column":67}},"14":{"start":{"line":25,"column":2},"end":{"line":31,"column":3}},"15":{"start":{"line":26,"column":4},"end":{"line":26,"column":26}},"16":{"start":{"line":27,"column":4},"end":{"line":27,"column":23}},"17":{"start":{"line":29,"column":4},"end":{"line":29,"column":24}},"18":{"start":{"line":30,"column":4},"end":{"line":30,"column":80}},"19":{"start":{"line":34,"column":0},"end":{"line":43,"column":2}},"20":{"start":{"line":35,"column":2},"end":{"line":42,"column":3}},"21":{"start":{"line":36,"column":20},"end":{"line":36,"column":38}},"22":{"start":{"line":37,"column":17},"end":{"line":37,"column":39}},"23":{"start":{"line":38,"column":4},"end":{"line":38,"column":22}},"24":{"start":{"line":40,"column":4},"end":{"line":40,"column":32}},"25":{"start":{"line":41,"column":4},"end":{"line":41,"column":64}},"26":{"start":{"line":45,"column":0},"end":{"line":45,"column":23}}},"fnMap":{"0":{"name":"(anonymous_0)","decl":{"start":{"line":8,"column":16},"end":{"line":8,"column":17}},"loc":{"start":{"line":8,"column":30},"end":{"line":18,"column":1}},"line":8},"1":{"name":"(anonymous_1)","decl":{"start":{"line":10,"column":10},"end":{"line":10,"column":11}},"loc":{"start":{"line":10,"column":25},"end":{"line":13,"column":5}},"line":10},"2":{"name":"(anonymous_2)","decl":{"start":{"line":14,"column":11},"end":{"line":14,"column":12}},"loc":{"start":{"line":14,"column":18},"end":{"line":17,"column":5}},"line":14},"3":{"name":"(anonymous_3)","decl":{"start":{"line":20,"column":17},"end":{"line":20,"column":18}},"loc":{"start":{"line":20,"column":37},"end":{"line":32,"column":1}},"line":20},"4":{"name":"(anonymous_4)","decl":{"start":{"line":34,"column":24},"end":{"line":34,"column":25}},"loc":{"start":{"line":34,"column":44},"end":{"line":43,"column":1}},"line":34}},"branchMap":{},"s":{"0":2,"1":2,"2":2,"3":2,"4":2,"5":0,"6":0,"7":0,"8":0,"9":0,"10":2,"11":0,"12":0,"13":0,"14":0,"15":0,"16":0,"17":0,"18":0,"19":2,"20":0,"21":0,"22":0,"23":0,"24":0,"25":0,"26":2},"f":{"0":0,"1":0,"2":0,"3":0,"4":0},"b":{},"_coverageSchema":"1a1c01bbd47fc00a2c39e90264f33305004495a9","hash":"232c2153911ec87de0d845ab4eb2cff9b3f90f02"}
}
