TN:
SF:client/store.js
FNF:0
FNH:0
DA:5,2
DA:6,2
LF:2
LH:2
BRDA:5,0,0,2
BRDA:5,0,1,2
BRF:2
BRH:2
end_of_record
TN:
SF:client/test-utils.js
FN:9,renderWithRouter
FN:27,renderWithRedux
FNF:2
FNH:1
FNDA:0,renderWithRouter
FNDA:6,renderWithRedux
DA:16,0
DA:36,6
LF:2
LH:1
BRDA:11,0,0,0
BRDA:12,1,0,0
BRDA:13,2,0,0
BRDA:29,3,0,6
BRDA:30,4,0,6
BRDA:31,5,0,6
BRDA:33,6,0,6
BRF:7
BRH:4
end_of_record
TN:
SF:client/actions/error.js
FN:4,showError
FN:11,hideError
FNF:2
FNH:2
FNDA:1,showError
FNDA:1,hideError
DA:1,3
DA:2,3
DA:5,1
DA:12,1
LF:4
LH:4
BRF:0
BRH:0
end_of_record
TN:
SF:client/actions/rides.js
FN:5,setRides
FN:12,fetchPostedRides
FN:13,(anonymous_2)
FN:15,(anonymous_3)
FNF:4
FNH:0
FNDA:0,setRides
FNDA:0,fetchPostedRides
FNDA:0,(anonymous_2)
FNDA:0,(anonymous_3)
DA:3,3
DA:6,0
DA:13,0
DA:14,0
DA:16,0
DA:17,0
LF:6
LH:1
BRF:0
BRH:0
end_of_record
TN:
SF:client/actions/user.js
FN:8,setUser
FN:15,setUsers
FN:22,clearUser
FN:28,clearUsers
FN:34,fetchUsers
FN:35,(anonymous_5)
FN:37,(anonymous_6)
FNF:7
FNH:2
FNDA:1,setUser
FNDA:0,setUsers
FNDA:1,clearUser
FNDA:0,clearUsers
FNDA:0,fetchUsers
FNDA:0,(anonymous_5)
FNDA:0,(anonymous_6)
DA:3,4
DA:4,4
DA:5,4
DA:6,4
DA:9,1
DA:16,0
DA:23,1
DA:29,0
DA:35,0
DA:36,0
DA:38,0
DA:39,0
LF:12
LH:6
BRF:0
BRH:0
end_of_record
TN:
SF:client/actions/waiting.js
FN:4,setWaiting
FN:10,clearWaiting
FNF:2
FNH:2
FNDA:1,setWaiting
FNDA:1,clearWaiting
DA:1,2
DA:2,2
DA:5,1
DA:11,1
LF:4
LH:4
BRF:0
BRH:0
end_of_record
TN:
SF:client/apis/cars.js
FN:5,getCar
FN:7,(anonymous_1)
FN:12,addCar
FNF:3
FNH:0
FNDA:0,getCar
FNDA:0,(anonymous_1)
FNDA:0,addCar
DA:3,1
DA:6,0
DA:8,0
DA:13,0
DA:14,0
LF:5
LH:1
BRF:0
BRH:0
end_of_record
TN:
SF:client/apis/profiles.js
FN:4,getPostedRides
FN:6,(anonymous_1)
FNF:2
FNH:0
FNDA:0,getPostedRides
FNDA:0,(anonymous_1)
DA:2,3
DA:5,0
DA:7,0
LF:3
LH:1
BRF:0
BRH:0
end_of_record
TN:
SF:client/apis/rides.js
FN:5,getRides
FN:7,(anonymous_1)
FN:12,addRides
FN:18,searchRides
FN:28,(anonymous_4)
FNF:5
FNH:0
FNDA:0,getRides
FNDA:0,(anonymous_1)
FNDA:0,addRides
FNDA:0,searchRides
FNDA:0,(anonymous_4)
DA:3,1
DA:6,0
DA:8,0
DA:13,0
DA:14,0
DA:24,0
DA:26,0
DA:27,0
DA:29,0
LF:9
LH:1
BRF:0
BRH:0
end_of_record
TN:
SF:client/apis/users.js
FN:5,getUsers
FN:7,(anonymous_1)
FN:12,getUser
FN:14,(anonymous_3)
FN:19,addUser
FNF:5
FNH:0
FNDA:0,getUsers
FNDA:0,(anonymous_1)
FNDA:0,getUser
FNDA:0,(anonymous_3)
FNDA:0,addUser
DA:3,4
DA:6,0
DA:8,0
DA:13,0
DA:15,0
DA:20,0
LF:6
LH:1
BRF:0
BRH:0
end_of_record
TN:
SF:client/components/Drivers/CarReg.jsx
FN:27,RegisterCar
FN:41,(anonymous_1)
FN:52,showAnyErrors
FN:176,mapStateToProps
FNF:4
FNH:4
FNDA:121,RegisterCar
FNDA:1,(anonymous_1)
FNDA:1073,showAnyErrors
FNDA:2,mapStateToProps
DA:10,1
DA:28,121
DA:30,121
DA:42,1
DA:43,1
DA:44,1
DA:46,0
DA:53,1073
DA:58,121
DA:177,2
LF:10
LH:9
BRDA:53,0,0,452
BRDA:53,0,1,621
BRDA:53,1,0,1073
BRDA:53,1,1,452
BRDA:75,2,0,2
BRDA:75,2,1,119
BRDA:78,3,0,121
BRDA:78,3,1,82
BRDA:90,4,0,14
BRDA:90,4,1,107
BRDA:92,5,0,121
BRDA:92,5,1,82
BRDA:104,6,0,24
BRDA:104,6,1,97
BRDA:107,7,0,121
BRDA:107,7,1,82
BRDA:117,8,0,32
BRDA:117,8,1,89
BRDA:120,9,0,121
BRDA:120,9,1,82
BRDA:130,10,0,40
BRDA:130,10,1,81
BRDA:133,11,0,121
BRDA:133,11,1,82
BRDA:145,12,0,52
BRDA:145,12,1,69
BRDA:148,13,0,121
BRDA:148,13,1,82
BRDA:158,14,0,62
BRDA:158,14,1,59
BRDA:161,15,0,121
BRDA:161,15,1,82
BRF:32
BRH:32
end_of_record
TN:
SF:client/components/Drivers/PostRide.jsx
FN:33,Ride
FN:46,(anonymous_1)
FN:63,showAnyErrors
FN:202,(anonymous_3)
FN:237,mapStateToProps
FNF:5
FNH:4
FNDA:70,Ride
FNDA:0,(anonymous_1)
FNDA:706,showAnyErrors
FNDA:420,(anonymous_3)
FNDA:2,mapStateToProps
DA:16,1
DA:34,70
DA:36,70
DA:47,0
DA:48,0
DA:49,0
DA:51,0
DA:53,0
DA:64,706
DA:68,70
DA:95,70
DA:203,420
DA:238,2
LF:13
LH:8
BRDA:64,0,0,432
BRDA:64,0,1,274
BRDA:64,1,0,706
BRDA:64,1,1,432
BRDA:112,2,0,2
BRDA:112,2,1,68
BRDA:115,3,0,70
BRDA:115,3,1,48
BRDA:125,4,0,18
BRDA:125,4,1,52
BRDA:128,5,0,70
BRDA:128,5,1,48
BRDA:142,6,0,34
BRDA:142,6,1,36
BRDA:144,7,0,70
BRDA:144,7,1,48
BRDA:155,8,0,36
BRDA:155,8,1,34
BRDA:158,9,0,70
BRDA:158,9,1,48
BRDA:170,10,0,38
BRDA:170,10,1,32
BRDA:173,11,0,70
BRDA:173,11,1,48
BRDA:185,12,0,44
BRDA:185,12,1,26
BRDA:187,13,0,70
BRDA:187,13,1,48
BRDA:197,14,0,44
BRDA:197,14,1,26
BRDA:200,15,0,70
BRDA:200,15,1,48
BRF:32
BRH:32
end_of_record
TN:
SF:client/components/Registration/Registration.jsx
FN:27,Register
FN:37,(anonymous_1)
FN:55,showAnyErrors
FN:135,mapStateToProps
FNF:4
FNH:4
FNDA:70,Register
FNDA:1,(anonymous_1)
FNDA:362,showAnyErrors
FNDA:2,mapStateToProps
DA:11,1
DA:28,70
DA:30,70
DA:38,1
DA:39,1
DA:40,1
DA:41,0
DA:43,1
DA:44,1
DA:45,1
DA:46,1
DA:48,0
DA:56,362
DA:61,70
DA:136,2
LF:15
LH:13
BRDA:40,0,0,0
BRDA:40,0,1,1
BRDA:56,1,0,164
BRDA:56,1,1,198
BRDA:56,2,0,362
BRDA:56,2,1,164
BRDA:75,3,0,4
BRDA:75,3,1,66
BRDA:78,4,0,70
BRDA:78,4,1,48
BRDA:88,5,0,12
BRDA:88,5,1,58
BRDA:91,6,0,70
BRDA:91,6,1,48
BRDA:105,7,0,38
BRDA:105,7,1,32
BRDA:107,8,0,70
BRDA:107,8,1,48
BRDA:117,9,0,28
BRDA:117,9,1,42
BRDA:120,10,0,70
BRDA:120,10,1,48
BRF:22
BRH:21
end_of_record
TN:
SF:client/reducers/error.js
FN:3,error
FNF:1
FNH:1
FNDA:3,error
DA:4,3
DA:6,1
DA:9,1
DA:12,1
LF:4
LH:4
BRDA:3,0,0,0
BRDA:4,1,0,1
BRDA:4,1,1,1
BRDA:4,1,2,1
BRF:4
BRH:3
end_of_record
TN:
SF:client/reducers/index.js
FNF:0
FNH:0
LF:0
LH:0
BRF:0
BRH:0
end_of_record
TN:
SF:client/reducers/rides.js
FN:14,postedRides
FN:23,reduce
FNF:2
FNH:1
FNDA:0,postedRides
FNDA:15,reduce
DA:3,3
DA:15,0
DA:17,0
DA:19,0
DA:24,15
DA:26,0
DA:28,15
LF:7
LH:3
BRDA:14,0,0,0
BRDA:15,1,0,0
BRDA:15,1,1,0
BRDA:23,2,0,14
BRDA:24,3,0,0
BRDA:24,3,1,15
BRF:6
BRH:2
end_of_record
TN:
SF:client/reducers/search.js
FN:8,reduceSearch
FNF:1
FNH:1
FNDA:15,reduceSearch
DA:1,3
DA:9,15
DA:11,0
DA:13,15
LF:4
LH:3
BRDA:8,0,0,14
BRDA:9,1,0,0
BRDA:9,1,1,15
BRF:3
BRH:2
end_of_record
TN:
SF:client/reducers/user.js
FN:19,user
FNF:1
FNH:1
FNDA:15,user
DA:3,3
DA:20,15
DA:22,1
DA:25,0
DA:28,14
LF:5
LH:4
BRDA:19,0,0,14
BRDA:20,1,0,1
BRDA:20,1,1,0
BRDA:20,1,2,14
BRF:4
BRH:3
end_of_record
TN:
SF:client/reducers/users.js
FN:5,(anonymous_0)
FNF:1
FNH:1
FNDA:15,(anonymous_0)
DA:3,3
DA:5,3
DA:6,15
DA:8,0
DA:10,0
DA:12,15
LF:6
LH:4
BRDA:5,0,0,14
BRDA:6,1,0,0
BRDA:6,1,1,0
BRDA:6,1,2,15
BRF:4
BRH:2
end_of_record
TN:
SF:client/reducers/waiting.js
FN:4,waiting
FNF:1
FNH:1
FNDA:4,waiting
DA:5,4
DA:7,1
DA:11,2
DA:14,1
LF:4
LH:4
BRDA:4,0,0,0
BRDA:5,1,0,1
BRDA:5,1,1,1
BRDA:5,1,2,2
BRDA:5,1,3,1
BRF:5
BRH:4
end_of_record
TN:
SF:server/auth0.js
FN:9,(anonymous_0)
FN:17,(anonymous_1)
FNF:2
FNH:0
FNDA:0,(anonymous_0)
FNDA:0,(anonymous_1)
DA:1,2
DA:2,2
DA:3,2
DA:5,2
DA:6,2
DA:7,2
DA:9,2
DA:10,0
DA:11,0
DA:14,0
DA:17,2
DA:18,0
DA:25,0
DA:28,0
DA:31,2
DA:43,2
LF:16
LH:10
BRF:0
BRH:0
end_of_record
TN:
SF:server/server.js
FNF:0
FNH:0
DA:1,2
DA:2,2
DA:4,2
DA:5,2
DA:6,2
DA:7,2
DA:8,2
DA:9,2
DA:10,2
DA:12,2
DA:14,2
DA:15,2
DA:17,2
DA:18,2
DA:19,2
DA:20,2
DA:21,2
DA:22,2
DA:23,2
DA:25,2
LF:20
LH:20
BRF:0
BRH:0
end_of_record
TN:
SF:server/db/bookings.js
FN:8,bookRide
FN:14,(anonymous_1)
FN:23,getBookedRides
FNF:3
FNH:3
FNDA:1,bookRide
FNDA:1,(anonymous_1)
FNDA:1,getBookedRides
DA:1,3
DA:3,3
DA:9,1
DA:10,1
DA:11,1
DA:15,1
DA:24,1
LF:7
LH:7
BRDA:8,0,0,0
BRDA:23,1,0,0
BRF:2
BRH:0
end_of_record
TN:
SF:server/db/cars.js
FN:3,getCar
FN:7,(anonymous_1)
FN:12,addCar
FN:17,(anonymous_3)
FN:34,deleteCar
FN:41,updateCar
FN:47,(anonymous_6)
FNF:7
FNH:7
FNDA:2,getCar
FNDA:2,(anonymous_1)
FNDA:1,addCar
FNDA:1,(anonymous_3)
FNDA:1,deleteCar
FNDA:1,updateCar
FNDA:1,(anonymous_6)
DA:1,3
DA:4,2
DA:8,2
DA:13,1
DA:14,1
DA:15,1
DA:18,1
DA:35,1
DA:42,1
DA:43,1
DA:44,1
DA:48,1
DA:63,3
LF:13
LH:13
BRDA:3,0,0,0
BRDA:12,1,0,0
BRDA:34,2,0,0
BRDA:41,3,0,0
BRF:4
BRH:0
end_of_record
TN:
SF:server/db/connection.js
FNF:0
FNH:0
DA:1,7
DA:2,7
DA:3,7
DA:4,7
DA:6,7
LF:5
LH:5
BRDA:3,0,0,7
BRDA:3,0,1,0
BRF:2
BRH:1
end_of_record
TN:
SF:server/db/knexfile.js
FNF:0
FNH:0
DA:1,7
DA:3,7
LF:2
LH:2
BRF:0
BRH:0
end_of_record
TN:
SF:server/db/rides.js
FN:3,getRides
FN:10,(anonymous_1)
FN:15,getAllRides
FN:29,getRidesById
FN:32,(anonymous_4)
FN:37,addRide
FN:44,(anonymous_6)
FN:59,updateRide
FN:64,(anonymous_8)
FN:79,deleteRide
FNF:10
FNH:8
FNDA:0,getRides
FNDA:0,(anonymous_1)
FNDA:1,getAllRides
FNDA:1,getRidesById
FNDA:1,(anonymous_4)
FNDA:1,addRide
FNDA:1,(anonymous_6)
FNDA:1,updateRide
FNDA:1,(anonymous_8)
FNDA:1,deleteRide
DA:1,3
DA:4,0
DA:11,0
DA:16,1
DA:30,1
DA:33,1
DA:38,1
DA:39,1
DA:40,1
DA:41,1
DA:45,1
DA:60,1
DA:61,1
DA:65,1
DA:80,1
DA:86,3
LF:16
LH:14
BRDA:3,0,0,0
BRDA:15,1,0,0
BRDA:29,2,0,0
BRDA:37,3,0,0
BRDA:59,4,0,0
BRDA:79,5,0,0
BRF:6
BRH:0
end_of_record
TN:
SF:server/db/users.js
FN:3,getUsers
FN:19,getUser
FN:37,setHasCar
FN:43,addUser
FNF:4
FNH:0
FNDA:0,getUsers
FNDA:0,getUser
FNDA:0,setHasCar
FNDA:0,addUser
DA:1,2
DA:4,0
DA:20,0
DA:38,0
DA:44,0
DA:45,0
DA:46,0
DA:50,2
LF:8
LH:2
BRDA:3,0,0,0
BRDA:19,1,0,0
BRDA:37,2,0,0
BRDA:43,3,0,0
BRF:4
BRH:0
end_of_record
TN:
SF:server/db/migrations/20210922053804_users.js
FN:1,(anonymous_0)
FN:2,(anonymous_1)
FN:19,(anonymous_2)
FNF:3
FNH:2
FNDA:3,(anonymous_0)
FNDA:3,(anonymous_1)
FNDA:0,(anonymous_2)
DA:1,3
DA:2,3
DA:3,3
DA:4,3
DA:5,3
DA:6,3
DA:7,3
DA:8,3
DA:9,3
DA:10,3
DA:11,3
DA:12,3
DA:13,3
DA:14,3
DA:15,3
DA:19,3
DA:20,0
LF:17
LH:16
BRF:0
BRH:0
end_of_record
TN:
SF:server/db/migrations/20210923150629_cars.js
FN:1,(anonymous_0)
FN:2,(anonymous_1)
FN:17,(anonymous_2)
FNF:3
FNH:2
FNDA:3,(anonymous_0)
FNDA:3,(anonymous_1)
FNDA:0,(anonymous_2)
DA:1,3
DA:2,3
DA:3,3
DA:4,3
DA:5,3
DA:6,3
DA:7,3
DA:8,3
DA:9,3
DA:10,3
DA:11,3
DA:12,3
DA:13,3
DA:17,3
DA:18,0
LF:15
LH:14
BRF:0
BRH:0
end_of_record
TN:
SF:server/db/migrations/20210923151913_rides.js
FN:1,(anonymous_0)
FN:2,(anonymous_1)
FN:16,(anonymous_2)
FNF:3
FNH:2
FNDA:3,(anonymous_0)
FNDA:3,(anonymous_1)
FNDA:0,(anonymous_2)
DA:1,3
DA:2,3
DA:3,3
DA:4,3
DA:5,3
DA:6,3
DA:7,3
DA:8,3
DA:9,3
DA:10,3
DA:11,3
DA:16,3
DA:17,0
LF:13
LH:12
BRF:0
BRH:0
end_of_record
TN:
SF:server/db/migrations/20210927191923_ridepassengers.js
FN:1,(anonymous_0)
FN:2,(anonymous_1)
FN:9,(anonymous_2)
FNF:3
FNH:2
FNDA:3,(anonymous_0)
FNDA:3,(anonymous_1)
FNDA:0,(anonymous_2)
DA:1,3
DA:2,3
DA:3,3
DA:4,3
DA:5,3
DA:9,3
DA:10,0
LF:7
LH:6
BRF:0
BRH:0
end_of_record
TN:
SF:server/db/seeds/cars.js
FN:1,(anonymous_0)
FN:3,(anonymous_1)
FNF:2
FNH:2
FNDA:10,(anonymous_0)
FNDA:10,(anonymous_1)
DA:1,3
DA:2,10
DA:4,10
LF:3
LH:3
BRF:0
BRH:0
end_of_record
TN:
SF:server/db/seeds/ridepassengers.js
FN:1,(anonymous_0)
FN:3,(anonymous_1)
FNF:2
FNH:2
FNDA:10,(anonymous_0)
FNDA:10,(anonymous_1)
DA:1,3
DA:2,10
DA:4,10
LF:3
LH:3
BRF:0
BRH:0
end_of_record
TN:
SF:server/db/seeds/rides.js
FN:1,(anonymous_0)
FN:3,(anonymous_1)
FNF:2
FNH:2
FNDA:10,(anonymous_0)
FNDA:10,(anonymous_1)
DA:1,3
DA:2,10
DA:4,10
LF:3
LH:3
BRF:0
BRH:0
end_of_record
TN:
SF:server/db/seeds/users.js
FN:1,(anonymous_0)
FN:3,(anonymous_1)
FNF:2
FNH:2
FNDA:10,(anonymous_0)
FNDA:10,(anonymous_1)
DA:1,3
DA:2,10
DA:4,10
LF:3
LH:3
BRF:0
BRH:0
end_of_record
TN:
SF:server/routes/bookings.js
FN:9,(anonymous_0)
FN:11,(anonymous_1)
FN:15,(anonymous_2)
FN:22,(anonymous_3)
FNF:4
FNH:3
FNDA:1,(anonymous_0)
FNDA:1,(anonymous_1)
FNDA:0,(anonymous_2)
FNDA:1,(anonymous_3)
DA:1,2
DA:3,2
DA:5,2
DA:9,2
DA:10,1
DA:12,1
DA:13,1
DA:16,0
DA:22,2
DA:23,1
DA:24,1
DA:25,1
DA:26,1
DA:27,1
DA:29,0
DA:30,0
DA:34,2
LF:17
LH:14
BRF:0
BRH:0
end_of_record
TN:
SF:server/routes/cars.js
FN:11,(anonymous_0)
FN:24,(anonymous_1)
FN:27,(anonymous_2)
FN:30,(anonymous_3)
FNF:4
FNH:3
FNDA:1,(anonymous_0)
FNDA:1,(anonymous_1)
FNDA:1,(anonymous_2)
FNDA:0,(anonymous_3)
DA:1,2
DA:3,2
DA:4,2
DA:6,2
DA:8,2
DA:11,2
DA:12,1
DA:13,1
DA:14,1
DA:15,1
DA:16,1
DA:17,1
DA:19,0
DA:20,0
DA:24,2
DA:25,1
DA:26,1
DA:28,1
DA:29,1
DA:31,0
DA:32,0
LF:21
LH:17
BRF:0
BRH:0
end_of_record
TN:
SF:server/routes/private.js
FN:10,(anonymous_0)
FNF:1
FNH:0
FNDA:0,(anonymous_0)
DA:1,2
DA:2,2
DA:3,2
DA:5,2
DA:7,2
DA:10,2
DA:11,0
DA:14,2
LF:8
LH:7
BRF:0
BRH:0
end_of_record
TN:
SF:server/routes/protected.js
FN:7,(anonymous_0)
FNF:1
FNH:0
FNDA:0,(anonymous_0)
DA:1,2
DA:2,2
DA:4,2
DA:7,2
DA:8,0
DA:11,2
LF:6
LH:5
BRF:0
BRH:0
end_of_record
TN:
SF:server/routes/public.js
FN:6,(anonymous_0)
FNF:1
FNH:0
FNDA:0,(anonymous_0)
DA:1,2
DA:3,2
DA:6,2
DA:7,0
DA:10,2
LF:5
LH:4
BRF:0
BRH:0
end_of_record
TN:
SF:server/routes/rides.js
FN:9,(anonymous_0)
FN:11,(anonymous_1)
FN:14,(anonymous_2)
FN:19,(anonymous_3)
FNF:4
FNH:0
FNDA:0,(anonymous_0)
FNDA:0,(anonymous_1)
FNDA:0,(anonymous_2)
FNDA:0,(anonymous_3)
DA:1,2
DA:3,2
DA:5,2
DA:9,2
DA:10,0
DA:12,0
DA:13,0
DA:15,0
DA:19,2
DA:20,0
DA:21,0
DA:22,0
DA:23,0
DA:24,0
DA:26,0
DA:27,0
DA:31,2
LF:17
LH:6
BRF:0
BRH:0
end_of_record
TN:
SF:server/routes/users.js
FN:8,(anonymous_0)
FN:10,(anonymous_1)
FN:14,(anonymous_2)
FN:20,(anonymous_3)
FN:34,(anonymous_4)
FNF:5
FNH:0
FNDA:0,(anonymous_0)
FNDA:0,(anonymous_1)
FNDA:0,(anonymous_2)
FNDA:0,(anonymous_3)
FNDA:0,(anonymous_4)
DA:1,2
DA:2,2
DA:4,2
DA:6,2
DA:8,2
DA:9,0
DA:11,0
DA:12,0
DA:15,0
DA:16,0
DA:20,2
DA:21,0
DA:22,0
DA:23,0
DA:25,0
DA:26,0
DA:27,0
DA:29,0
DA:30,0
DA:34,2
DA:35,0
DA:36,0
DA:37,0
DA:38,0
DA:40,0
DA:41,0
DA:45,2
LF:27
LH:8
BRF:0
BRH:0
end_of_record
